<testsuites id="" name="" tests="297" failures="0" skipped="297" errors="0" time="0.07053800000000002">
<testsuite name="auth.setup.ts" timestamp="2026-01-02T19:58:18.654Z" hostname="setup" tests="3" failures="0" skipped="3" time="0" errors="0">
<testcase name="authenticate as client" classname="auth.setup.ts" time="0">
<skipped>
</skipped>
</testcase>
<testcase name="authenticate as artist" classname="auth.setup.ts" time="0">
<skipped>
</skipped>
</testcase>
<testcase name="authenticate as admin" classname="auth.setup.ts" time="0">
<skipped>
</skipped>
</testcase>
</testsuite>
<testsuite name="tests/e2e/complete-user-journey.spec.ts" timestamp="2026-01-02T19:58:18.654Z" hostname="chromium" tests="5" failures="0" skipped="5" time="0" errors="0">
<testcase name="Complete User Journey - End-to-End Tests › E2E: New client signs up, books artist, completes payment, and communicates" classname="tests/e2e/complete-user-journey.spec.ts" time="0">
<skipped>
</skipped>
</testcase>
<testcase name="Complete User Journey - End-to-End Tests › E2E: Artist receives booking, manages schedule, and communicates with client" classname="tests/e2e/complete-user-journey.spec.ts" time="0">
<skipped>
</skipped>
</testcase>
<testcase name="Complete User Journey - End-to-End Tests › E2E: Client cancels booking and receives refund" classname="tests/e2e/complete-user-journey.spec.ts" time="0">
<skipped>
</skipped>
</testcase>
<testcase name="Complete User Journey - End-to-End Tests › E2E: Multi-device sync - actions on desktop reflect on mobile" classname="tests/e2e/complete-user-journey.spec.ts" time="0">
<skipped>
</skipped>
</testcase>
<testcase name="Complete User Journey - End-to-End Tests › E2E: Complete booking lifecycle from creation to completion" classname="tests/e2e/complete-user-journey.spec.ts" time="0">
<skipped>
</skipped>
</testcase>
</testsuite>
<testsuite name="tests/functional/booking-workflow.spec.ts" timestamp="2026-01-02T19:58:18.654Z" hostname="chromium" tests="10" failures="0" skipped="10" time="0" errors="0">
<testcase name="Booking Workflow - Functional Tests › should allow client to search for artists by name" classname="tests/functional/booking-workflow.spec.ts" time="0">
<skipped>
</skipped>
</testcase>
<testcase name="Booking Workflow - Functional Tests › should allow client to filter artists by category" classname="tests/functional/booking-workflow.spec.ts" time="0">
<skipped>
</skipped>
</testcase>
<testcase name="Booking Workflow - Functional Tests › should display artist profile with all required information" classname="tests/functional/booking-workflow.spec.ts" time="0">
<skipped>
</skipped>
</testcase>
<testcase name="Booking Workflow - Functional Tests › should show availability preview on artist profile" classname="tests/functional/booking-workflow.spec.ts" time="0">
<skipped>
</skipped>
</testcase>
<testcase name="Booking Workflow - Functional Tests › should navigate from artist profile to booking page" classname="tests/functional/booking-workflow.spec.ts" time="0">
<skipped>
</skipped>
</testcase>
<testcase name="Booking Workflow - Functional Tests › should display booking page with services (Step 1)" classname="tests/functional/booking-workflow.spec.ts" time="0">
<skipped>
</skipped>
</testcase>
<testcase name="Booking Workflow - Functional Tests › should show calendar after selecting a service (Step 2)" classname="tests/functional/booking-workflow.spec.ts" time="0">
<skipped>
</skipped>
</testcase>
<testcase name="Booking Workflow - Functional Tests › should display calendar with date selection in Step 2" classname="tests/functional/booking-workflow.spec.ts" time="0">
<skipped>
</skipped>
</testcase>
<testcase name="Booking Workflow - Functional Tests › should show time slots after selecting a date" classname="tests/functional/booking-workflow.spec.ts" time="0">
<skipped>
</skipped>
</testcase>
<testcase name="Booking Workflow - Functional Tests › should complete full booking flow through all steps" classname="tests/functional/booking-workflow.spec.ts" time="0">
<skipped>
</skipped>
</testcase>
</testsuite>
<testsuite name="tests/integration/booking-payment-integration.spec.ts" timestamp="2026-01-02T19:58:18.654Z" hostname="chromium" tests="6" failures="0" skipped="6" time="0" errors="0">
<testcase name="Booking and Payment Integration Tests › should integrate booking creation with database" classname="tests/integration/booking-payment-integration.spec.ts" time="0">
<skipped>
</skipped>
</testcase>
<testcase name="Booking and Payment Integration Tests › should integrate booking with payment processing" classname="tests/integration/booking-payment-integration.spec.ts" time="0">
<skipped>
</skipped>
</testcase>
<testcase name="Booking and Payment Integration Tests › should integrate booking cancellation with refund processing" classname="tests/integration/booking-payment-integration.spec.ts" time="0">
<skipped>
</skipped>
</testcase>
<testcase name="Booking and Payment Integration Tests › should integrate availability check with booking creation" classname="tests/integration/booking-payment-integration.spec.ts" time="0">
<skipped>
</skipped>
</testcase>
<testcase name="Booking and Payment Integration Tests › should handle concurrent booking attempts (race condition)" classname="tests/integration/booking-payment-integration.spec.ts" time="0">
<skipped>
</skipped>
</testcase>
<testcase name="Booking and Payment Integration Tests › should integrate messaging with booking confirmation" classname="tests/integration/booking-payment-integration.spec.ts" time="0">
<skipped>
</skipped>
</testcase>
</testsuite>
<testsuite name="tests/performance/load-time.spec.ts" timestamp="2026-01-02T19:58:18.654Z" hostname="chromium" tests="12" failures="0" skipped="12" time="0" errors="0">
<testcase name="Performance Tests › should load home page within acceptable time" classname="tests/performance/load-time.spec.ts" time="0">
<skipped>
</skipped>
</testcase>
<testcase name="Performance Tests › should meet Core Web Vitals standards" classname="tests/performance/load-time.spec.ts" time="0">
<skipped>
</skipped>
</testcase>
<testcase name="Performance Tests › should load search results quickly" classname="tests/performance/load-time.spec.ts" time="0">
<skipped>
</skipped>
</testcase>
<testcase name="Performance Tests › should load artist profile within acceptable time" classname="tests/performance/load-time.spec.ts" time="0">
<skipped>
</skipped>
</testcase>
<testcase name="Performance Tests › should fetch availability data quickly" classname="tests/performance/load-time.spec.ts" time="0">
<skipped>
</skipped>
</testcase>
<testcase name="Performance Tests › should handle image loading efficiently" classname="tests/performance/load-time.spec.ts" time="0">
<skipped>
</skipped>
</testcase>
<testcase name="Performance Tests › should handle concurrent API requests efficiently" classname="tests/performance/load-time.spec.ts" time="0">
<skipped>
</skipped>
</testcase>
<testcase name="Performance Tests › should maintain performance under slow network conditions" classname="tests/performance/load-time.spec.ts" time="0">
<skipped>
</skipped>
</testcase>
<testcase name="Performance Tests › should optimize bundle size" classname="tests/performance/load-time.spec.ts" time="0">
<skipped>
</skipped>
</testcase>
<testcase name="Performance Tests › should cache resources effectively" classname="tests/performance/load-time.spec.ts" time="0">
<skipped>
</skipped>
</testcase>
<testcase name="Performance Tests › should handle booking flow without performance degradation" classname="tests/performance/load-time.spec.ts" time="0">
<skipped>
</skipped>
</testcase>
<testcase name="Performance Tests › should measure and report Web Vitals for monitoring" classname="tests/performance/load-time.spec.ts" time="0">
<skipped>
</skipped>
</testcase>
</testsuite>
<testsuite name="tests/regression/critical-paths.spec.ts" timestamp="2026-01-02T19:58:18.654Z" hostname="chromium" tests="12" failures="0" skipped="12" time="0" errors="0">
<testcase name="Critical Path Regression Tests › regression: user login and logout flow" classname="tests/regression/critical-paths.spec.ts" time="0">
<skipped>
</skipped>
</testcase>
<testcase name="Critical Path Regression Tests › regression: artist search functionality" classname="tests/regression/critical-paths.spec.ts" time="0">
<skipped>
</skipped>
</testcase>
<testcase name="Critical Path Regression Tests › regression: complete booking creation flow" classname="tests/regression/critical-paths.spec.ts" time="0">
<skipped>
</skipped>
</testcase>
<testcase name="Critical Path Regression Tests › regression: successful payment processing" classname="tests/regression/critical-paths.spec.ts" time="0">
<skipped>
</skipped>
</testcase>
<testcase name="Critical Path Regression Tests › regression: declined payment handling" classname="tests/regression/critical-paths.spec.ts" time="0">
<skipped>
</skipped>
</testcase>
<testcase name="Critical Path Regression Tests › regression: booking cancellation flow" classname="tests/regression/critical-paths.spec.ts" time="0">
<skipped>
</skipped>
</testcase>
<testcase name="Critical Path Regression Tests › regression: send and receive messages" classname="tests/regression/critical-paths.spec.ts" time="0">
<skipped>
</skipped>
</testcase>
<testcase name="Critical Path Regression Tests › regression: update user profile" classname="tests/regression/critical-paths.spec.ts" time="0">
<skipped>
</skipped>
</testcase>
<testcase name="Critical Path Regression Tests › regression: main navigation links work correctly" classname="tests/regression/critical-paths.spec.ts" time="0">
<skipped>
</skipped>
</testcase>
<testcase name="Critical Path Regression Tests › regression: mobile viewport functionality" classname="tests/regression/critical-paths.spec.ts" time="0">
<skipped>
</skipped>
</testcase>
<testcase name="Critical Path Regression Tests › regression: form validation works correctly" classname="tests/regression/critical-paths.spec.ts" time="0">
<skipped>
</skipped>
</testcase>
<testcase name="Critical Path Regression Tests › regression: 404 page displays correctly" classname="tests/regression/critical-paths.spec.ts" time="0">
<skipped>
</skipped>
</testcase>
</testsuite>
<testsuite name="tests/unit/availability-calculator.spec.ts" timestamp="2026-01-02T19:58:18.654Z" hostname="chromium" tests="4" failures="0" skipped="4" time="0" errors="0">
<testcase name="Availability Calculator - Unit Tests › should calculate available time slots correctly" classname="tests/unit/availability-calculator.spec.ts" time="0">
<skipped>
</skipped>
</testcase>
<testcase name="Availability Calculator - Unit Tests › should handle edge cases in availability calculation" classname="tests/unit/availability-calculator.spec.ts" time="0">
<skipped>
</skipped>
</testcase>
<testcase name="Availability Calculator - Unit Tests › should validate booking policy rules" classname="tests/unit/availability-calculator.spec.ts" time="0">
<skipped>
</skipped>
</testcase>
<testcase name="Availability Calculator - Unit Tests › should calculate booking price correctly" classname="tests/unit/availability-calculator.spec.ts" time="0">
<skipped>
</skipped>
</testcase>
</testsuite>
<testsuite name="tests/e2e/complete-user-journey.spec.ts" timestamp="2026-01-02T19:58:18.654Z" hostname="firefox" tests="5" failures="0" skipped="5" time="0" errors="0">
<testcase name="Complete User Journey - End-to-End Tests › E2E: New client signs up, books artist, completes payment, and communicates" classname="tests/e2e/complete-user-journey.spec.ts" time="0">
<skipped>
</skipped>
</testcase>
<testcase name="Complete User Journey - End-to-End Tests › E2E: Artist receives booking, manages schedule, and communicates with client" classname="tests/e2e/complete-user-journey.spec.ts" time="0">
<skipped>
</skipped>
</testcase>
<testcase name="Complete User Journey - End-to-End Tests › E2E: Client cancels booking and receives refund" classname="tests/e2e/complete-user-journey.spec.ts" time="0">
<skipped>
</skipped>
</testcase>
<testcase name="Complete User Journey - End-to-End Tests › E2E: Multi-device sync - actions on desktop reflect on mobile" classname="tests/e2e/complete-user-journey.spec.ts" time="0">
<skipped>
</skipped>
</testcase>
<testcase name="Complete User Journey - End-to-End Tests › E2E: Complete booking lifecycle from creation to completion" classname="tests/e2e/complete-user-journey.spec.ts" time="0">
<skipped>
</skipped>
</testcase>
</testsuite>
<testsuite name="tests/functional/booking-workflow.spec.ts" timestamp="2026-01-02T19:58:18.654Z" hostname="firefox" tests="10" failures="0" skipped="10" time="0" errors="0">
<testcase name="Booking Workflow - Functional Tests › should allow client to search for artists by name" classname="tests/functional/booking-workflow.spec.ts" time="0">
<skipped>
</skipped>
</testcase>
<testcase name="Booking Workflow - Functional Tests › should allow client to filter artists by category" classname="tests/functional/booking-workflow.spec.ts" time="0">
<skipped>
</skipped>
</testcase>
<testcase name="Booking Workflow - Functional Tests › should display artist profile with all required information" classname="tests/functional/booking-workflow.spec.ts" time="0">
<skipped>
</skipped>
</testcase>
<testcase name="Booking Workflow - Functional Tests › should show availability preview on artist profile" classname="tests/functional/booking-workflow.spec.ts" time="0">
<skipped>
</skipped>
</testcase>
<testcase name="Booking Workflow - Functional Tests › should navigate from artist profile to booking page" classname="tests/functional/booking-workflow.spec.ts" time="0">
<skipped>
</skipped>
</testcase>
<testcase name="Booking Workflow - Functional Tests › should display booking page with services (Step 1)" classname="tests/functional/booking-workflow.spec.ts" time="0">
<skipped>
</skipped>
</testcase>
<testcase name="Booking Workflow - Functional Tests › should show calendar after selecting a service (Step 2)" classname="tests/functional/booking-workflow.spec.ts" time="0">
<skipped>
</skipped>
</testcase>
<testcase name="Booking Workflow - Functional Tests › should display calendar with date selection in Step 2" classname="tests/functional/booking-workflow.spec.ts" time="0">
<skipped>
</skipped>
</testcase>
<testcase name="Booking Workflow - Functional Tests › should show time slots after selecting a date" classname="tests/functional/booking-workflow.spec.ts" time="0">
<skipped>
</skipped>
</testcase>
<testcase name="Booking Workflow - Functional Tests › should complete full booking flow through all steps" classname="tests/functional/booking-workflow.spec.ts" time="0">
<skipped>
</skipped>
</testcase>
</testsuite>
<testsuite name="tests/integration/booking-payment-integration.spec.ts" timestamp="2026-01-02T19:58:18.654Z" hostname="firefox" tests="6" failures="0" skipped="6" time="0" errors="0">
<testcase name="Booking and Payment Integration Tests › should integrate booking creation with database" classname="tests/integration/booking-payment-integration.spec.ts" time="0">
<skipped>
</skipped>
</testcase>
<testcase name="Booking and Payment Integration Tests › should integrate booking with payment processing" classname="tests/integration/booking-payment-integration.spec.ts" time="0">
<skipped>
</skipped>
</testcase>
<testcase name="Booking and Payment Integration Tests › should integrate booking cancellation with refund processing" classname="tests/integration/booking-payment-integration.spec.ts" time="0">
<skipped>
</skipped>
</testcase>
<testcase name="Booking and Payment Integration Tests › should integrate availability check with booking creation" classname="tests/integration/booking-payment-integration.spec.ts" time="0">
<skipped>
</skipped>
</testcase>
<testcase name="Booking and Payment Integration Tests › should handle concurrent booking attempts (race condition)" classname="tests/integration/booking-payment-integration.spec.ts" time="0">
<skipped>
</skipped>
</testcase>
<testcase name="Booking and Payment Integration Tests › should integrate messaging with booking confirmation" classname="tests/integration/booking-payment-integration.spec.ts" time="0">
<skipped>
</skipped>
</testcase>
</testsuite>
<testsuite name="tests/performance/load-time.spec.ts" timestamp="2026-01-02T19:58:18.654Z" hostname="firefox" tests="12" failures="0" skipped="12" time="0" errors="0">
<testcase name="Performance Tests › should load home page within acceptable time" classname="tests/performance/load-time.spec.ts" time="0">
<skipped>
</skipped>
</testcase>
<testcase name="Performance Tests › should meet Core Web Vitals standards" classname="tests/performance/load-time.spec.ts" time="0">
<skipped>
</skipped>
</testcase>
<testcase name="Performance Tests › should load search results quickly" classname="tests/performance/load-time.spec.ts" time="0">
<skipped>
</skipped>
</testcase>
<testcase name="Performance Tests › should load artist profile within acceptable time" classname="tests/performance/load-time.spec.ts" time="0">
<skipped>
</skipped>
</testcase>
<testcase name="Performance Tests › should fetch availability data quickly" classname="tests/performance/load-time.spec.ts" time="0">
<skipped>
</skipped>
</testcase>
<testcase name="Performance Tests › should handle image loading efficiently" classname="tests/performance/load-time.spec.ts" time="0">
<skipped>
</skipped>
</testcase>
<testcase name="Performance Tests › should handle concurrent API requests efficiently" classname="tests/performance/load-time.spec.ts" time="0">
<skipped>
</skipped>
</testcase>
<testcase name="Performance Tests › should maintain performance under slow network conditions" classname="tests/performance/load-time.spec.ts" time="0">
<skipped>
</skipped>
</testcase>
<testcase name="Performance Tests › should optimize bundle size" classname="tests/performance/load-time.spec.ts" time="0">
<skipped>
</skipped>
</testcase>
<testcase name="Performance Tests › should cache resources effectively" classname="tests/performance/load-time.spec.ts" time="0">
<skipped>
</skipped>
</testcase>
<testcase name="Performance Tests › should handle booking flow without performance degradation" classname="tests/performance/load-time.spec.ts" time="0">
<skipped>
</skipped>
</testcase>
<testcase name="Performance Tests › should measure and report Web Vitals for monitoring" classname="tests/performance/load-time.spec.ts" time="0">
<skipped>
</skipped>
</testcase>
</testsuite>
<testsuite name="tests/regression/critical-paths.spec.ts" timestamp="2026-01-02T19:58:18.654Z" hostname="firefox" tests="12" failures="0" skipped="12" time="0" errors="0">
<testcase name="Critical Path Regression Tests › regression: user login and logout flow" classname="tests/regression/critical-paths.spec.ts" time="0">
<skipped>
</skipped>
</testcase>
<testcase name="Critical Path Regression Tests › regression: artist search functionality" classname="tests/regression/critical-paths.spec.ts" time="0">
<skipped>
</skipped>
</testcase>
<testcase name="Critical Path Regression Tests › regression: complete booking creation flow" classname="tests/regression/critical-paths.spec.ts" time="0">
<skipped>
</skipped>
</testcase>
<testcase name="Critical Path Regression Tests › regression: successful payment processing" classname="tests/regression/critical-paths.spec.ts" time="0">
<skipped>
</skipped>
</testcase>
<testcase name="Critical Path Regression Tests › regression: declined payment handling" classname="tests/regression/critical-paths.spec.ts" time="0">
<skipped>
</skipped>
</testcase>
<testcase name="Critical Path Regression Tests › regression: booking cancellation flow" classname="tests/regression/critical-paths.spec.ts" time="0">
<skipped>
</skipped>
</testcase>
<testcase name="Critical Path Regression Tests › regression: send and receive messages" classname="tests/regression/critical-paths.spec.ts" time="0">
<skipped>
</skipped>
</testcase>
<testcase name="Critical Path Regression Tests › regression: update user profile" classname="tests/regression/critical-paths.spec.ts" time="0">
<skipped>
</skipped>
</testcase>
<testcase name="Critical Path Regression Tests › regression: main navigation links work correctly" classname="tests/regression/critical-paths.spec.ts" time="0">
<skipped>
</skipped>
</testcase>
<testcase name="Critical Path Regression Tests › regression: mobile viewport functionality" classname="tests/regression/critical-paths.spec.ts" time="0">
<skipped>
</skipped>
</testcase>
<testcase name="Critical Path Regression Tests › regression: form validation works correctly" classname="tests/regression/critical-paths.spec.ts" time="0">
<skipped>
</skipped>
</testcase>
<testcase name="Critical Path Regression Tests › regression: 404 page displays correctly" classname="tests/regression/critical-paths.spec.ts" time="0">
<skipped>
</skipped>
</testcase>
</testsuite>
<testsuite name="tests/unit/availability-calculator.spec.ts" timestamp="2026-01-02T19:58:18.654Z" hostname="firefox" tests="4" failures="0" skipped="4" time="0" errors="0">
<testcase name="Availability Calculator - Unit Tests › should calculate available time slots correctly" classname="tests/unit/availability-calculator.spec.ts" time="0">
<skipped>
</skipped>
</testcase>
<testcase name="Availability Calculator - Unit Tests › should handle edge cases in availability calculation" classname="tests/unit/availability-calculator.spec.ts" time="0">
<skipped>
</skipped>
</testcase>
<testcase name="Availability Calculator - Unit Tests › should validate booking policy rules" classname="tests/unit/availability-calculator.spec.ts" time="0">
<skipped>
</skipped>
</testcase>
<testcase name="Availability Calculator - Unit Tests › should calculate booking price correctly" classname="tests/unit/availability-calculator.spec.ts" time="0">
<skipped>
</skipped>
</testcase>
</testsuite>
<testsuite name="tests/e2e/complete-user-journey.spec.ts" timestamp="2026-01-02T19:58:18.654Z" hostname="webkit" tests="5" failures="0" skipped="5" time="0" errors="0">
<testcase name="Complete User Journey - End-to-End Tests › E2E: New client signs up, books artist, completes payment, and communicates" classname="tests/e2e/complete-user-journey.spec.ts" time="0">
<skipped>
</skipped>
</testcase>
<testcase name="Complete User Journey - End-to-End Tests › E2E: Artist receives booking, manages schedule, and communicates with client" classname="tests/e2e/complete-user-journey.spec.ts" time="0">
<skipped>
</skipped>
</testcase>
<testcase name="Complete User Journey - End-to-End Tests › E2E: Client cancels booking and receives refund" classname="tests/e2e/complete-user-journey.spec.ts" time="0">
<skipped>
</skipped>
</testcase>
<testcase name="Complete User Journey - End-to-End Tests › E2E: Multi-device sync - actions on desktop reflect on mobile" classname="tests/e2e/complete-user-journey.spec.ts" time="0">
<skipped>
</skipped>
</testcase>
<testcase name="Complete User Journey - End-to-End Tests › E2E: Complete booking lifecycle from creation to completion" classname="tests/e2e/complete-user-journey.spec.ts" time="0">
<skipped>
</skipped>
</testcase>
</testsuite>
<testsuite name="tests/functional/booking-workflow.spec.ts" timestamp="2026-01-02T19:58:18.654Z" hostname="webkit" tests="10" failures="0" skipped="10" time="0" errors="0">
<testcase name="Booking Workflow - Functional Tests › should allow client to search for artists by name" classname="tests/functional/booking-workflow.spec.ts" time="0">
<skipped>
</skipped>
</testcase>
<testcase name="Booking Workflow - Functional Tests › should allow client to filter artists by category" classname="tests/functional/booking-workflow.spec.ts" time="0">
<skipped>
</skipped>
</testcase>
<testcase name="Booking Workflow - Functional Tests › should display artist profile with all required information" classname="tests/functional/booking-workflow.spec.ts" time="0">
<skipped>
</skipped>
</testcase>
<testcase name="Booking Workflow - Functional Tests › should show availability preview on artist profile" classname="tests/functional/booking-workflow.spec.ts" time="0">
<skipped>
</skipped>
</testcase>
<testcase name="Booking Workflow - Functional Tests › should navigate from artist profile to booking page" classname="tests/functional/booking-workflow.spec.ts" time="0">
<skipped>
</skipped>
</testcase>
<testcase name="Booking Workflow - Functional Tests › should display booking page with services (Step 1)" classname="tests/functional/booking-workflow.spec.ts" time="0">
<skipped>
</skipped>
</testcase>
<testcase name="Booking Workflow - Functional Tests › should show calendar after selecting a service (Step 2)" classname="tests/functional/booking-workflow.spec.ts" time="0">
<skipped>
</skipped>
</testcase>
<testcase name="Booking Workflow - Functional Tests › should display calendar with date selection in Step 2" classname="tests/functional/booking-workflow.spec.ts" time="0">
<skipped>
</skipped>
</testcase>
<testcase name="Booking Workflow - Functional Tests › should show time slots after selecting a date" classname="tests/functional/booking-workflow.spec.ts" time="0">
<skipped>
</skipped>
</testcase>
<testcase name="Booking Workflow - Functional Tests › should complete full booking flow through all steps" classname="tests/functional/booking-workflow.spec.ts" time="0">
<skipped>
</skipped>
</testcase>
</testsuite>
<testsuite name="tests/integration/booking-payment-integration.spec.ts" timestamp="2026-01-02T19:58:18.654Z" hostname="webkit" tests="6" failures="0" skipped="6" time="0" errors="0">
<testcase name="Booking and Payment Integration Tests › should integrate booking creation with database" classname="tests/integration/booking-payment-integration.spec.ts" time="0">
<skipped>
</skipped>
</testcase>
<testcase name="Booking and Payment Integration Tests › should integrate booking with payment processing" classname="tests/integration/booking-payment-integration.spec.ts" time="0">
<skipped>
</skipped>
</testcase>
<testcase name="Booking and Payment Integration Tests › should integrate booking cancellation with refund processing" classname="tests/integration/booking-payment-integration.spec.ts" time="0">
<skipped>
</skipped>
</testcase>
<testcase name="Booking and Payment Integration Tests › should integrate availability check with booking creation" classname="tests/integration/booking-payment-integration.spec.ts" time="0">
<skipped>
</skipped>
</testcase>
<testcase name="Booking and Payment Integration Tests › should handle concurrent booking attempts (race condition)" classname="tests/integration/booking-payment-integration.spec.ts" time="0">
<skipped>
</skipped>
</testcase>
<testcase name="Booking and Payment Integration Tests › should integrate messaging with booking confirmation" classname="tests/integration/booking-payment-integration.spec.ts" time="0">
<skipped>
</skipped>
</testcase>
</testsuite>
<testsuite name="tests/performance/load-time.spec.ts" timestamp="2026-01-02T19:58:18.654Z" hostname="webkit" tests="12" failures="0" skipped="12" time="0" errors="0">
<testcase name="Performance Tests › should load home page within acceptable time" classname="tests/performance/load-time.spec.ts" time="0">
<skipped>
</skipped>
</testcase>
<testcase name="Performance Tests › should meet Core Web Vitals standards" classname="tests/performance/load-time.spec.ts" time="0">
<skipped>
</skipped>
</testcase>
<testcase name="Performance Tests › should load search results quickly" classname="tests/performance/load-time.spec.ts" time="0">
<skipped>
</skipped>
</testcase>
<testcase name="Performance Tests › should load artist profile within acceptable time" classname="tests/performance/load-time.spec.ts" time="0">
<skipped>
</skipped>
</testcase>
<testcase name="Performance Tests › should fetch availability data quickly" classname="tests/performance/load-time.spec.ts" time="0">
<skipped>
</skipped>
</testcase>
<testcase name="Performance Tests › should handle image loading efficiently" classname="tests/performance/load-time.spec.ts" time="0">
<skipped>
</skipped>
</testcase>
<testcase name="Performance Tests › should handle concurrent API requests efficiently" classname="tests/performance/load-time.spec.ts" time="0">
<skipped>
</skipped>
</testcase>
<testcase name="Performance Tests › should maintain performance under slow network conditions" classname="tests/performance/load-time.spec.ts" time="0">
<skipped>
</skipped>
</testcase>
<testcase name="Performance Tests › should optimize bundle size" classname="tests/performance/load-time.spec.ts" time="0">
<skipped>
</skipped>
</testcase>
<testcase name="Performance Tests › should cache resources effectively" classname="tests/performance/load-time.spec.ts" time="0">
<skipped>
</skipped>
</testcase>
<testcase name="Performance Tests › should handle booking flow without performance degradation" classname="tests/performance/load-time.spec.ts" time="0">
<skipped>
</skipped>
</testcase>
<testcase name="Performance Tests › should measure and report Web Vitals for monitoring" classname="tests/performance/load-time.spec.ts" time="0">
<skipped>
</skipped>
</testcase>
</testsuite>
<testsuite name="tests/regression/critical-paths.spec.ts" timestamp="2026-01-02T19:58:18.654Z" hostname="webkit" tests="12" failures="0" skipped="12" time="0" errors="0">
<testcase name="Critical Path Regression Tests › regression: user login and logout flow" classname="tests/regression/critical-paths.spec.ts" time="0">
<skipped>
</skipped>
</testcase>
<testcase name="Critical Path Regression Tests › regression: artist search functionality" classname="tests/regression/critical-paths.spec.ts" time="0">
<skipped>
</skipped>
</testcase>
<testcase name="Critical Path Regression Tests › regression: complete booking creation flow" classname="tests/regression/critical-paths.spec.ts" time="0">
<skipped>
</skipped>
</testcase>
<testcase name="Critical Path Regression Tests › regression: successful payment processing" classname="tests/regression/critical-paths.spec.ts" time="0">
<skipped>
</skipped>
</testcase>
<testcase name="Critical Path Regression Tests › regression: declined payment handling" classname="tests/regression/critical-paths.spec.ts" time="0">
<skipped>
</skipped>
</testcase>
<testcase name="Critical Path Regression Tests › regression: booking cancellation flow" classname="tests/regression/critical-paths.spec.ts" time="0">
<skipped>
</skipped>
</testcase>
<testcase name="Critical Path Regression Tests › regression: send and receive messages" classname="tests/regression/critical-paths.spec.ts" time="0">
<skipped>
</skipped>
</testcase>
<testcase name="Critical Path Regression Tests › regression: update user profile" classname="tests/regression/critical-paths.spec.ts" time="0">
<skipped>
</skipped>
</testcase>
<testcase name="Critical Path Regression Tests › regression: main navigation links work correctly" classname="tests/regression/critical-paths.spec.ts" time="0">
<skipped>
</skipped>
</testcase>
<testcase name="Critical Path Regression Tests › regression: mobile viewport functionality" classname="tests/regression/critical-paths.spec.ts" time="0">
<skipped>
</skipped>
</testcase>
<testcase name="Critical Path Regression Tests › regression: form validation works correctly" classname="tests/regression/critical-paths.spec.ts" time="0">
<skipped>
</skipped>
</testcase>
<testcase name="Critical Path Regression Tests › regression: 404 page displays correctly" classname="tests/regression/critical-paths.spec.ts" time="0">
<skipped>
</skipped>
</testcase>
</testsuite>
<testsuite name="tests/unit/availability-calculator.spec.ts" timestamp="2026-01-02T19:58:18.654Z" hostname="webkit" tests="4" failures="0" skipped="4" time="0" errors="0">
<testcase name="Availability Calculator - Unit Tests › should calculate available time slots correctly" classname="tests/unit/availability-calculator.spec.ts" time="0">
<skipped>
</skipped>
</testcase>
<testcase name="Availability Calculator - Unit Tests › should handle edge cases in availability calculation" classname="tests/unit/availability-calculator.spec.ts" time="0">
<skipped>
</skipped>
</testcase>
<testcase name="Availability Calculator - Unit Tests › should validate booking policy rules" classname="tests/unit/availability-calculator.spec.ts" time="0">
<skipped>
</skipped>
</testcase>
<testcase name="Availability Calculator - Unit Tests › should calculate booking price correctly" classname="tests/unit/availability-calculator.spec.ts" time="0">
<skipped>
</skipped>
</testcase>
</testsuite>
<testsuite name="tests/e2e/complete-user-journey.spec.ts" timestamp="2026-01-02T19:58:18.654Z" hostname="mobile-chrome" tests="5" failures="0" skipped="5" time="0" errors="0">
<testcase name="Complete User Journey - End-to-End Tests › E2E: New client signs up, books artist, completes payment, and communicates" classname="tests/e2e/complete-user-journey.spec.ts" time="0">
<skipped>
</skipped>
</testcase>
<testcase name="Complete User Journey - End-to-End Tests › E2E: Artist receives booking, manages schedule, and communicates with client" classname="tests/e2e/complete-user-journey.spec.ts" time="0">
<skipped>
</skipped>
</testcase>
<testcase name="Complete User Journey - End-to-End Tests › E2E: Client cancels booking and receives refund" classname="tests/e2e/complete-user-journey.spec.ts" time="0">
<skipped>
</skipped>
</testcase>
<testcase name="Complete User Journey - End-to-End Tests › E2E: Multi-device sync - actions on desktop reflect on mobile" classname="tests/e2e/complete-user-journey.spec.ts" time="0">
<skipped>
</skipped>
</testcase>
<testcase name="Complete User Journey - End-to-End Tests › E2E: Complete booking lifecycle from creation to completion" classname="tests/e2e/complete-user-journey.spec.ts" time="0">
<skipped>
</skipped>
</testcase>
</testsuite>
<testsuite name="tests/functional/booking-workflow.spec.ts" timestamp="2026-01-02T19:58:18.654Z" hostname="mobile-chrome" tests="10" failures="0" skipped="10" time="0" errors="0">
<testcase name="Booking Workflow - Functional Tests › should allow client to search for artists by name" classname="tests/functional/booking-workflow.spec.ts" time="0">
<skipped>
</skipped>
</testcase>
<testcase name="Booking Workflow - Functional Tests › should allow client to filter artists by category" classname="tests/functional/booking-workflow.spec.ts" time="0">
<skipped>
</skipped>
</testcase>
<testcase name="Booking Workflow - Functional Tests › should display artist profile with all required information" classname="tests/functional/booking-workflow.spec.ts" time="0">
<skipped>
</skipped>
</testcase>
<testcase name="Booking Workflow - Functional Tests › should show availability preview on artist profile" classname="tests/functional/booking-workflow.spec.ts" time="0">
<skipped>
</skipped>
</testcase>
<testcase name="Booking Workflow - Functional Tests › should navigate from artist profile to booking page" classname="tests/functional/booking-workflow.spec.ts" time="0">
<skipped>
</skipped>
</testcase>
<testcase name="Booking Workflow - Functional Tests › should display booking page with services (Step 1)" classname="tests/functional/booking-workflow.spec.ts" time="0">
<skipped>
</skipped>
</testcase>
<testcase name="Booking Workflow - Functional Tests › should show calendar after selecting a service (Step 2)" classname="tests/functional/booking-workflow.spec.ts" time="0">
<skipped>
</skipped>
</testcase>
<testcase name="Booking Workflow - Functional Tests › should display calendar with date selection in Step 2" classname="tests/functional/booking-workflow.spec.ts" time="0">
<skipped>
</skipped>
</testcase>
<testcase name="Booking Workflow - Functional Tests › should show time slots after selecting a date" classname="tests/functional/booking-workflow.spec.ts" time="0">
<skipped>
</skipped>
</testcase>
<testcase name="Booking Workflow - Functional Tests › should complete full booking flow through all steps" classname="tests/functional/booking-workflow.spec.ts" time="0">
<skipped>
</skipped>
</testcase>
</testsuite>
<testsuite name="tests/integration/booking-payment-integration.spec.ts" timestamp="2026-01-02T19:58:18.654Z" hostname="mobile-chrome" tests="6" failures="0" skipped="6" time="0" errors="0">
<testcase name="Booking and Payment Integration Tests › should integrate booking creation with database" classname="tests/integration/booking-payment-integration.spec.ts" time="0">
<skipped>
</skipped>
</testcase>
<testcase name="Booking and Payment Integration Tests › should integrate booking with payment processing" classname="tests/integration/booking-payment-integration.spec.ts" time="0">
<skipped>
</skipped>
</testcase>
<testcase name="Booking and Payment Integration Tests › should integrate booking cancellation with refund processing" classname="tests/integration/booking-payment-integration.spec.ts" time="0">
<skipped>
</skipped>
</testcase>
<testcase name="Booking and Payment Integration Tests › should integrate availability check with booking creation" classname="tests/integration/booking-payment-integration.spec.ts" time="0">
<skipped>
</skipped>
</testcase>
<testcase name="Booking and Payment Integration Tests › should handle concurrent booking attempts (race condition)" classname="tests/integration/booking-payment-integration.spec.ts" time="0">
<skipped>
</skipped>
</testcase>
<testcase name="Booking and Payment Integration Tests › should integrate messaging with booking confirmation" classname="tests/integration/booking-payment-integration.spec.ts" time="0">
<skipped>
</skipped>
</testcase>
</testsuite>
<testsuite name="tests/performance/load-time.spec.ts" timestamp="2026-01-02T19:58:18.654Z" hostname="mobile-chrome" tests="12" failures="0" skipped="12" time="0" errors="0">
<testcase name="Performance Tests › should load home page within acceptable time" classname="tests/performance/load-time.spec.ts" time="0">
<skipped>
</skipped>
</testcase>
<testcase name="Performance Tests › should meet Core Web Vitals standards" classname="tests/performance/load-time.spec.ts" time="0">
<skipped>
</skipped>
</testcase>
<testcase name="Performance Tests › should load search results quickly" classname="tests/performance/load-time.spec.ts" time="0">
<skipped>
</skipped>
</testcase>
<testcase name="Performance Tests › should load artist profile within acceptable time" classname="tests/performance/load-time.spec.ts" time="0">
<skipped>
</skipped>
</testcase>
<testcase name="Performance Tests › should fetch availability data quickly" classname="tests/performance/load-time.spec.ts" time="0">
<skipped>
</skipped>
</testcase>
<testcase name="Performance Tests › should handle image loading efficiently" classname="tests/performance/load-time.spec.ts" time="0">
<skipped>
</skipped>
</testcase>
<testcase name="Performance Tests › should handle concurrent API requests efficiently" classname="tests/performance/load-time.spec.ts" time="0">
<skipped>
</skipped>
</testcase>
<testcase name="Performance Tests › should maintain performance under slow network conditions" classname="tests/performance/load-time.spec.ts" time="0">
<skipped>
</skipped>
</testcase>
<testcase name="Performance Tests › should optimize bundle size" classname="tests/performance/load-time.spec.ts" time="0">
<skipped>
</skipped>
</testcase>
<testcase name="Performance Tests › should cache resources effectively" classname="tests/performance/load-time.spec.ts" time="0">
<skipped>
</skipped>
</testcase>
<testcase name="Performance Tests › should handle booking flow without performance degradation" classname="tests/performance/load-time.spec.ts" time="0">
<skipped>
</skipped>
</testcase>
<testcase name="Performance Tests › should measure and report Web Vitals for monitoring" classname="tests/performance/load-time.spec.ts" time="0">
<skipped>
</skipped>
</testcase>
</testsuite>
<testsuite name="tests/regression/critical-paths.spec.ts" timestamp="2026-01-02T19:58:18.654Z" hostname="mobile-chrome" tests="12" failures="0" skipped="12" time="0" errors="0">
<testcase name="Critical Path Regression Tests › regression: user login and logout flow" classname="tests/regression/critical-paths.spec.ts" time="0">
<skipped>
</skipped>
</testcase>
<testcase name="Critical Path Regression Tests › regression: artist search functionality" classname="tests/regression/critical-paths.spec.ts" time="0">
<skipped>
</skipped>
</testcase>
<testcase name="Critical Path Regression Tests › regression: complete booking creation flow" classname="tests/regression/critical-paths.spec.ts" time="0">
<skipped>
</skipped>
</testcase>
<testcase name="Critical Path Regression Tests › regression: successful payment processing" classname="tests/regression/critical-paths.spec.ts" time="0">
<skipped>
</skipped>
</testcase>
<testcase name="Critical Path Regression Tests › regression: declined payment handling" classname="tests/regression/critical-paths.spec.ts" time="0">
<skipped>
</skipped>
</testcase>
<testcase name="Critical Path Regression Tests › regression: booking cancellation flow" classname="tests/regression/critical-paths.spec.ts" time="0">
<skipped>
</skipped>
</testcase>
<testcase name="Critical Path Regression Tests › regression: send and receive messages" classname="tests/regression/critical-paths.spec.ts" time="0">
<skipped>
</skipped>
</testcase>
<testcase name="Critical Path Regression Tests › regression: update user profile" classname="tests/regression/critical-paths.spec.ts" time="0">
<skipped>
</skipped>
</testcase>
<testcase name="Critical Path Regression Tests › regression: main navigation links work correctly" classname="tests/regression/critical-paths.spec.ts" time="0">
<skipped>
</skipped>
</testcase>
<testcase name="Critical Path Regression Tests › regression: mobile viewport functionality" classname="tests/regression/critical-paths.spec.ts" time="0">
<skipped>
</skipped>
</testcase>
<testcase name="Critical Path Regression Tests › regression: form validation works correctly" classname="tests/regression/critical-paths.spec.ts" time="0">
<skipped>
</skipped>
</testcase>
<testcase name="Critical Path Regression Tests › regression: 404 page displays correctly" classname="tests/regression/critical-paths.spec.ts" time="0">
<skipped>
</skipped>
</testcase>
</testsuite>
<testsuite name="tests/unit/availability-calculator.spec.ts" timestamp="2026-01-02T19:58:18.654Z" hostname="mobile-chrome" tests="4" failures="0" skipped="4" time="0" errors="0">
<testcase name="Availability Calculator - Unit Tests › should calculate available time slots correctly" classname="tests/unit/availability-calculator.spec.ts" time="0">
<skipped>
</skipped>
</testcase>
<testcase name="Availability Calculator - Unit Tests › should handle edge cases in availability calculation" classname="tests/unit/availability-calculator.spec.ts" time="0">
<skipped>
</skipped>
</testcase>
<testcase name="Availability Calculator - Unit Tests › should validate booking policy rules" classname="tests/unit/availability-calculator.spec.ts" time="0">
<skipped>
</skipped>
</testcase>
<testcase name="Availability Calculator - Unit Tests › should calculate booking price correctly" classname="tests/unit/availability-calculator.spec.ts" time="0">
<skipped>
</skipped>
</testcase>
</testsuite>
<testsuite name="tests/e2e/complete-user-journey.spec.ts" timestamp="2026-01-02T19:58:18.654Z" hostname="mobile-safari" tests="5" failures="0" skipped="5" time="0" errors="0">
<testcase name="Complete User Journey - End-to-End Tests › E2E: New client signs up, books artist, completes payment, and communicates" classname="tests/e2e/complete-user-journey.spec.ts" time="0">
<skipped>
</skipped>
</testcase>
<testcase name="Complete User Journey - End-to-End Tests › E2E: Artist receives booking, manages schedule, and communicates with client" classname="tests/e2e/complete-user-journey.spec.ts" time="0">
<skipped>
</skipped>
</testcase>
<testcase name="Complete User Journey - End-to-End Tests › E2E: Client cancels booking and receives refund" classname="tests/e2e/complete-user-journey.spec.ts" time="0">
<skipped>
</skipped>
</testcase>
<testcase name="Complete User Journey - End-to-End Tests › E2E: Multi-device sync - actions on desktop reflect on mobile" classname="tests/e2e/complete-user-journey.spec.ts" time="0">
<skipped>
</skipped>
</testcase>
<testcase name="Complete User Journey - End-to-End Tests › E2E: Complete booking lifecycle from creation to completion" classname="tests/e2e/complete-user-journey.spec.ts" time="0">
<skipped>
</skipped>
</testcase>
</testsuite>
<testsuite name="tests/functional/booking-workflow.spec.ts" timestamp="2026-01-02T19:58:18.654Z" hostname="mobile-safari" tests="10" failures="0" skipped="10" time="0" errors="0">
<testcase name="Booking Workflow - Functional Tests › should allow client to search for artists by name" classname="tests/functional/booking-workflow.spec.ts" time="0">
<skipped>
</skipped>
</testcase>
<testcase name="Booking Workflow - Functional Tests › should allow client to filter artists by category" classname="tests/functional/booking-workflow.spec.ts" time="0">
<skipped>
</skipped>
</testcase>
<testcase name="Booking Workflow - Functional Tests › should display artist profile with all required information" classname="tests/functional/booking-workflow.spec.ts" time="0">
<skipped>
</skipped>
</testcase>
<testcase name="Booking Workflow - Functional Tests › should show availability preview on artist profile" classname="tests/functional/booking-workflow.spec.ts" time="0">
<skipped>
</skipped>
</testcase>
<testcase name="Booking Workflow - Functional Tests › should navigate from artist profile to booking page" classname="tests/functional/booking-workflow.spec.ts" time="0">
<skipped>
</skipped>
</testcase>
<testcase name="Booking Workflow - Functional Tests › should display booking page with services (Step 1)" classname="tests/functional/booking-workflow.spec.ts" time="0">
<skipped>
</skipped>
</testcase>
<testcase name="Booking Workflow - Functional Tests › should show calendar after selecting a service (Step 2)" classname="tests/functional/booking-workflow.spec.ts" time="0">
<skipped>
</skipped>
</testcase>
<testcase name="Booking Workflow - Functional Tests › should display calendar with date selection in Step 2" classname="tests/functional/booking-workflow.spec.ts" time="0">
<skipped>
</skipped>
</testcase>
<testcase name="Booking Workflow - Functional Tests › should show time slots after selecting a date" classname="tests/functional/booking-workflow.spec.ts" time="0">
<skipped>
</skipped>
</testcase>
<testcase name="Booking Workflow - Functional Tests › should complete full booking flow through all steps" classname="tests/functional/booking-workflow.spec.ts" time="0">
<skipped>
</skipped>
</testcase>
</testsuite>
<testsuite name="tests/integration/booking-payment-integration.spec.ts" timestamp="2026-01-02T19:58:18.654Z" hostname="mobile-safari" tests="6" failures="0" skipped="6" time="0" errors="0">
<testcase name="Booking and Payment Integration Tests › should integrate booking creation with database" classname="tests/integration/booking-payment-integration.spec.ts" time="0">
<skipped>
</skipped>
</testcase>
<testcase name="Booking and Payment Integration Tests › should integrate booking with payment processing" classname="tests/integration/booking-payment-integration.spec.ts" time="0">
<skipped>
</skipped>
</testcase>
<testcase name="Booking and Payment Integration Tests › should integrate booking cancellation with refund processing" classname="tests/integration/booking-payment-integration.spec.ts" time="0">
<skipped>
</skipped>
</testcase>
<testcase name="Booking and Payment Integration Tests › should integrate availability check with booking creation" classname="tests/integration/booking-payment-integration.spec.ts" time="0">
<skipped>
</skipped>
</testcase>
<testcase name="Booking and Payment Integration Tests › should handle concurrent booking attempts (race condition)" classname="tests/integration/booking-payment-integration.spec.ts" time="0">
<skipped>
</skipped>
</testcase>
<testcase name="Booking and Payment Integration Tests › should integrate messaging with booking confirmation" classname="tests/integration/booking-payment-integration.spec.ts" time="0">
<skipped>
</skipped>
</testcase>
</testsuite>
<testsuite name="tests/performance/load-time.spec.ts" timestamp="2026-01-02T19:58:18.654Z" hostname="mobile-safari" tests="12" failures="0" skipped="12" time="0" errors="0">
<testcase name="Performance Tests › should load home page within acceptable time" classname="tests/performance/load-time.spec.ts" time="0">
<skipped>
</skipped>
</testcase>
<testcase name="Performance Tests › should meet Core Web Vitals standards" classname="tests/performance/load-time.spec.ts" time="0">
<skipped>
</skipped>
</testcase>
<testcase name="Performance Tests › should load search results quickly" classname="tests/performance/load-time.spec.ts" time="0">
<skipped>
</skipped>
</testcase>
<testcase name="Performance Tests › should load artist profile within acceptable time" classname="tests/performance/load-time.spec.ts" time="0">
<skipped>
</skipped>
</testcase>
<testcase name="Performance Tests › should fetch availability data quickly" classname="tests/performance/load-time.spec.ts" time="0">
<skipped>
</skipped>
</testcase>
<testcase name="Performance Tests › should handle image loading efficiently" classname="tests/performance/load-time.spec.ts" time="0">
<skipped>
</skipped>
</testcase>
<testcase name="Performance Tests › should handle concurrent API requests efficiently" classname="tests/performance/load-time.spec.ts" time="0">
<skipped>
</skipped>
</testcase>
<testcase name="Performance Tests › should maintain performance under slow network conditions" classname="tests/performance/load-time.spec.ts" time="0">
<skipped>
</skipped>
</testcase>
<testcase name="Performance Tests › should optimize bundle size" classname="tests/performance/load-time.spec.ts" time="0">
<skipped>
</skipped>
</testcase>
<testcase name="Performance Tests › should cache resources effectively" classname="tests/performance/load-time.spec.ts" time="0">
<skipped>
</skipped>
</testcase>
<testcase name="Performance Tests › should handle booking flow without performance degradation" classname="tests/performance/load-time.spec.ts" time="0">
<skipped>
</skipped>
</testcase>
<testcase name="Performance Tests › should measure and report Web Vitals for monitoring" classname="tests/performance/load-time.spec.ts" time="0">
<skipped>
</skipped>
</testcase>
</testsuite>
<testsuite name="tests/regression/critical-paths.spec.ts" timestamp="2026-01-02T19:58:18.654Z" hostname="mobile-safari" tests="12" failures="0" skipped="12" time="0" errors="0">
<testcase name="Critical Path Regression Tests › regression: user login and logout flow" classname="tests/regression/critical-paths.spec.ts" time="0">
<skipped>
</skipped>
</testcase>
<testcase name="Critical Path Regression Tests › regression: artist search functionality" classname="tests/regression/critical-paths.spec.ts" time="0">
<skipped>
</skipped>
</testcase>
<testcase name="Critical Path Regression Tests › regression: complete booking creation flow" classname="tests/regression/critical-paths.spec.ts" time="0">
<skipped>
</skipped>
</testcase>
<testcase name="Critical Path Regression Tests › regression: successful payment processing" classname="tests/regression/critical-paths.spec.ts" time="0">
<skipped>
</skipped>
</testcase>
<testcase name="Critical Path Regression Tests › regression: declined payment handling" classname="tests/regression/critical-paths.spec.ts" time="0">
<skipped>
</skipped>
</testcase>
<testcase name="Critical Path Regression Tests › regression: booking cancellation flow" classname="tests/regression/critical-paths.spec.ts" time="0">
<skipped>
</skipped>
</testcase>
<testcase name="Critical Path Regression Tests › regression: send and receive messages" classname="tests/regression/critical-paths.spec.ts" time="0">
<skipped>
</skipped>
</testcase>
<testcase name="Critical Path Regression Tests › regression: update user profile" classname="tests/regression/critical-paths.spec.ts" time="0">
<skipped>
</skipped>
</testcase>
<testcase name="Critical Path Regression Tests › regression: main navigation links work correctly" classname="tests/regression/critical-paths.spec.ts" time="0">
<skipped>
</skipped>
</testcase>
<testcase name="Critical Path Regression Tests › regression: mobile viewport functionality" classname="tests/regression/critical-paths.spec.ts" time="0">
<skipped>
</skipped>
</testcase>
<testcase name="Critical Path Regression Tests › regression: form validation works correctly" classname="tests/regression/critical-paths.spec.ts" time="0">
<skipped>
</skipped>
</testcase>
<testcase name="Critical Path Regression Tests › regression: 404 page displays correctly" classname="tests/regression/critical-paths.spec.ts" time="0">
<skipped>
</skipped>
</testcase>
</testsuite>
<testsuite name="tests/unit/availability-calculator.spec.ts" timestamp="2026-01-02T19:58:18.654Z" hostname="mobile-safari" tests="4" failures="0" skipped="4" time="0" errors="0">
<testcase name="Availability Calculator - Unit Tests › should calculate available time slots correctly" classname="tests/unit/availability-calculator.spec.ts" time="0">
<skipped>
</skipped>
</testcase>
<testcase name="Availability Calculator - Unit Tests › should handle edge cases in availability calculation" classname="tests/unit/availability-calculator.spec.ts" time="0">
<skipped>
</skipped>
</testcase>
<testcase name="Availability Calculator - Unit Tests › should validate booking policy rules" classname="tests/unit/availability-calculator.spec.ts" time="0">
<skipped>
</skipped>
</testcase>
<testcase name="Availability Calculator - Unit Tests › should calculate booking price correctly" classname="tests/unit/availability-calculator.spec.ts" time="0">
<skipped>
</skipped>
</testcase>
</testsuite>
<testsuite name="tests/e2e/complete-user-journey.spec.ts" timestamp="2026-01-02T19:58:18.654Z" hostname="tablet" tests="5" failures="0" skipped="5" time="0" errors="0">
<testcase name="Complete User Journey - End-to-End Tests › E2E: New client signs up, books artist, completes payment, and communicates" classname="tests/e2e/complete-user-journey.spec.ts" time="0">
<skipped>
</skipped>
</testcase>
<testcase name="Complete User Journey - End-to-End Tests › E2E: Artist receives booking, manages schedule, and communicates with client" classname="tests/e2e/complete-user-journey.spec.ts" time="0">
<skipped>
</skipped>
</testcase>
<testcase name="Complete User Journey - End-to-End Tests › E2E: Client cancels booking and receives refund" classname="tests/e2e/complete-user-journey.spec.ts" time="0">
<skipped>
</skipped>
</testcase>
<testcase name="Complete User Journey - End-to-End Tests › E2E: Multi-device sync - actions on desktop reflect on mobile" classname="tests/e2e/complete-user-journey.spec.ts" time="0">
<skipped>
</skipped>
</testcase>
<testcase name="Complete User Journey - End-to-End Tests › E2E: Complete booking lifecycle from creation to completion" classname="tests/e2e/complete-user-journey.spec.ts" time="0">
<skipped>
</skipped>
</testcase>
</testsuite>
<testsuite name="tests/functional/booking-workflow.spec.ts" timestamp="2026-01-02T19:58:18.654Z" hostname="tablet" tests="10" failures="0" skipped="10" time="0" errors="0">
<testcase name="Booking Workflow - Functional Tests › should allow client to search for artists by name" classname="tests/functional/booking-workflow.spec.ts" time="0">
<skipped>
</skipped>
</testcase>
<testcase name="Booking Workflow - Functional Tests › should allow client to filter artists by category" classname="tests/functional/booking-workflow.spec.ts" time="0">
<skipped>
</skipped>
</testcase>
<testcase name="Booking Workflow - Functional Tests › should display artist profile with all required information" classname="tests/functional/booking-workflow.spec.ts" time="0">
<skipped>
</skipped>
</testcase>
<testcase name="Booking Workflow - Functional Tests › should show availability preview on artist profile" classname="tests/functional/booking-workflow.spec.ts" time="0">
<skipped>
</skipped>
</testcase>
<testcase name="Booking Workflow - Functional Tests › should navigate from artist profile to booking page" classname="tests/functional/booking-workflow.spec.ts" time="0">
<skipped>
</skipped>
</testcase>
<testcase name="Booking Workflow - Functional Tests › should display booking page with services (Step 1)" classname="tests/functional/booking-workflow.spec.ts" time="0">
<skipped>
</skipped>
</testcase>
<testcase name="Booking Workflow - Functional Tests › should show calendar after selecting a service (Step 2)" classname="tests/functional/booking-workflow.spec.ts" time="0">
<skipped>
</skipped>
</testcase>
<testcase name="Booking Workflow - Functional Tests › should display calendar with date selection in Step 2" classname="tests/functional/booking-workflow.spec.ts" time="0">
<skipped>
</skipped>
</testcase>
<testcase name="Booking Workflow - Functional Tests › should show time slots after selecting a date" classname="tests/functional/booking-workflow.spec.ts" time="0">
<skipped>
</skipped>
</testcase>
<testcase name="Booking Workflow - Functional Tests › should complete full booking flow through all steps" classname="tests/functional/booking-workflow.spec.ts" time="0">
<skipped>
</skipped>
</testcase>
</testsuite>
<testsuite name="tests/integration/booking-payment-integration.spec.ts" timestamp="2026-01-02T19:58:18.654Z" hostname="tablet" tests="6" failures="0" skipped="6" time="0" errors="0">
<testcase name="Booking and Payment Integration Tests › should integrate booking creation with database" classname="tests/integration/booking-payment-integration.spec.ts" time="0">
<skipped>
</skipped>
</testcase>
<testcase name="Booking and Payment Integration Tests › should integrate booking with payment processing" classname="tests/integration/booking-payment-integration.spec.ts" time="0">
<skipped>
</skipped>
</testcase>
<testcase name="Booking and Payment Integration Tests › should integrate booking cancellation with refund processing" classname="tests/integration/booking-payment-integration.spec.ts" time="0">
<skipped>
</skipped>
</testcase>
<testcase name="Booking and Payment Integration Tests › should integrate availability check with booking creation" classname="tests/integration/booking-payment-integration.spec.ts" time="0">
<skipped>
</skipped>
</testcase>
<testcase name="Booking and Payment Integration Tests › should handle concurrent booking attempts (race condition)" classname="tests/integration/booking-payment-integration.spec.ts" time="0">
<skipped>
</skipped>
</testcase>
<testcase name="Booking and Payment Integration Tests › should integrate messaging with booking confirmation" classname="tests/integration/booking-payment-integration.spec.ts" time="0">
<skipped>
</skipped>
</testcase>
</testsuite>
<testsuite name="tests/performance/load-time.spec.ts" timestamp="2026-01-02T19:58:18.654Z" hostname="tablet" tests="12" failures="0" skipped="12" time="0" errors="0">
<testcase name="Performance Tests › should load home page within acceptable time" classname="tests/performance/load-time.spec.ts" time="0">
<skipped>
</skipped>
</testcase>
<testcase name="Performance Tests › should meet Core Web Vitals standards" classname="tests/performance/load-time.spec.ts" time="0">
<skipped>
</skipped>
</testcase>
<testcase name="Performance Tests › should load search results quickly" classname="tests/performance/load-time.spec.ts" time="0">
<skipped>
</skipped>
</testcase>
<testcase name="Performance Tests › should load artist profile within acceptable time" classname="tests/performance/load-time.spec.ts" time="0">
<skipped>
</skipped>
</testcase>
<testcase name="Performance Tests › should fetch availability data quickly" classname="tests/performance/load-time.spec.ts" time="0">
<skipped>
</skipped>
</testcase>
<testcase name="Performance Tests › should handle image loading efficiently" classname="tests/performance/load-time.spec.ts" time="0">
<skipped>
</skipped>
</testcase>
<testcase name="Performance Tests › should handle concurrent API requests efficiently" classname="tests/performance/load-time.spec.ts" time="0">
<skipped>
</skipped>
</testcase>
<testcase name="Performance Tests › should maintain performance under slow network conditions" classname="tests/performance/load-time.spec.ts" time="0">
<skipped>
</skipped>
</testcase>
<testcase name="Performance Tests › should optimize bundle size" classname="tests/performance/load-time.spec.ts" time="0">
<skipped>
</skipped>
</testcase>
<testcase name="Performance Tests › should cache resources effectively" classname="tests/performance/load-time.spec.ts" time="0">
<skipped>
</skipped>
</testcase>
<testcase name="Performance Tests › should handle booking flow without performance degradation" classname="tests/performance/load-time.spec.ts" time="0">
<skipped>
</skipped>
</testcase>
<testcase name="Performance Tests › should measure and report Web Vitals for monitoring" classname="tests/performance/load-time.spec.ts" time="0">
<skipped>
</skipped>
</testcase>
</testsuite>
<testsuite name="tests/regression/critical-paths.spec.ts" timestamp="2026-01-02T19:58:18.654Z" hostname="tablet" tests="12" failures="0" skipped="12" time="0" errors="0">
<testcase name="Critical Path Regression Tests › regression: user login and logout flow" classname="tests/regression/critical-paths.spec.ts" time="0">
<skipped>
</skipped>
</testcase>
<testcase name="Critical Path Regression Tests › regression: artist search functionality" classname="tests/regression/critical-paths.spec.ts" time="0">
<skipped>
</skipped>
</testcase>
<testcase name="Critical Path Regression Tests › regression: complete booking creation flow" classname="tests/regression/critical-paths.spec.ts" time="0">
<skipped>
</skipped>
</testcase>
<testcase name="Critical Path Regression Tests › regression: successful payment processing" classname="tests/regression/critical-paths.spec.ts" time="0">
<skipped>
</skipped>
</testcase>
<testcase name="Critical Path Regression Tests › regression: declined payment handling" classname="tests/regression/critical-paths.spec.ts" time="0">
<skipped>
</skipped>
</testcase>
<testcase name="Critical Path Regression Tests › regression: booking cancellation flow" classname="tests/regression/critical-paths.spec.ts" time="0">
<skipped>
</skipped>
</testcase>
<testcase name="Critical Path Regression Tests › regression: send and receive messages" classname="tests/regression/critical-paths.spec.ts" time="0">
<skipped>
</skipped>
</testcase>
<testcase name="Critical Path Regression Tests › regression: update user profile" classname="tests/regression/critical-paths.spec.ts" time="0">
<skipped>
</skipped>
</testcase>
<testcase name="Critical Path Regression Tests › regression: main navigation links work correctly" classname="tests/regression/critical-paths.spec.ts" time="0">
<skipped>
</skipped>
</testcase>
<testcase name="Critical Path Regression Tests › regression: mobile viewport functionality" classname="tests/regression/critical-paths.spec.ts" time="0">
<skipped>
</skipped>
</testcase>
<testcase name="Critical Path Regression Tests › regression: form validation works correctly" classname="tests/regression/critical-paths.spec.ts" time="0">
<skipped>
</skipped>
</testcase>
<testcase name="Critical Path Regression Tests › regression: 404 page displays correctly" classname="tests/regression/critical-paths.spec.ts" time="0">
<skipped>
</skipped>
</testcase>
</testsuite>
<testsuite name="tests/unit/availability-calculator.spec.ts" timestamp="2026-01-02T19:58:18.654Z" hostname="tablet" tests="4" failures="0" skipped="4" time="0" errors="0">
<testcase name="Availability Calculator - Unit Tests › should calculate available time slots correctly" classname="tests/unit/availability-calculator.spec.ts" time="0">
<skipped>
</skipped>
</testcase>
<testcase name="Availability Calculator - Unit Tests › should handle edge cases in availability calculation" classname="tests/unit/availability-calculator.spec.ts" time="0">
<skipped>
</skipped>
</testcase>
<testcase name="Availability Calculator - Unit Tests › should validate booking policy rules" classname="tests/unit/availability-calculator.spec.ts" time="0">
<skipped>
</skipped>
</testcase>
<testcase name="Availability Calculator - Unit Tests › should calculate booking price correctly" classname="tests/unit/availability-calculator.spec.ts" time="0">
<skipped>
</skipped>
</testcase>
</testsuite>
</testsuites>