<testsuites id="" name="" tests="52" failures="18" skipped="3" errors="0" time="169.08745000000002">
<testsuite name="auth.setup.ts" timestamp="2026-01-02T12:43:14.801Z" hostname="setup" tests="3" failures="0" skipped="0" time="14.162" errors="0">
<testcase name="authenticate as client" classname="auth.setup.ts" time="4.783">
<system-out>
<![CDATA[🔐 Authenticating as Test Client...
   Base URL: https://3000-ismw4r56ghxjg647vetcg-a6f21cbd.manusvm.computer
✅ Test Client auth response: Test Client
✅ Session cookie set for domain: 3000-ismw4r56ghxjg647vetcg-a6f21cbd.manusvm.computer
✅ Test Client authenticated - logout button visible
💾 Client auth state saved to: /home/ubuntu/solely-art-platform/e2e-tests/playwright/.auth/client.json
]]>
</system-out>
</testcase>
<testcase name="authenticate as artist" classname="auth.setup.ts" time="4.843">
<system-out>
<![CDATA[🔐 Authenticating as Test Artist...
   Base URL: https://3000-ismw4r56ghxjg647vetcg-a6f21cbd.manusvm.computer
✅ Test Artist auth response: Test Artist
✅ Session cookie set for domain: 3000-ismw4r56ghxjg647vetcg-a6f21cbd.manusvm.computer
✅ Test Artist authenticated - logout button visible
💾 Artist auth state saved to: /home/ubuntu/solely-art-platform/e2e-tests/playwright/.auth/artist.json
]]>
</system-out>
</testcase>
<testcase name="authenticate as admin" classname="auth.setup.ts" time="4.536">
<system-out>
<![CDATA[🔐 Authenticating as Test Admin...
   Base URL: https://3000-ismw4r56ghxjg647vetcg-a6f21cbd.manusvm.computer
✅ Test Admin auth response: Test Admin
✅ Session cookie set for domain: 3000-ismw4r56ghxjg647vetcg-a6f21cbd.manusvm.computer
✅ Test Admin authenticated - logout button visible
💾 Admin auth state saved to: /home/ubuntu/solely-art-platform/e2e-tests/playwright/.auth/admin.json
]]>
</system-out>
</testcase>
</testsuite>
<testsuite name="tests/e2e/complete-user-journey.spec.ts" timestamp="2026-01-02T12:43:14.801Z" hostname="chromium" tests="5" failures="4" skipped="1" time="46.755" errors="0">
<testcase name="Complete User Journey - End-to-End Tests › E2E: New client signs up, books artist, completes payment, and communicates" classname="tests/e2e/complete-user-journey.spec.ts" time="7.123">
<failure message="complete-user-journey.spec.ts:18:7 E2E: New client signs up, books artist, completes payment, and communicates" type="FAILURE">
<![CDATA[  [chromium] › tests/e2e/complete-user-journey.spec.ts:18:7 › Complete User Journey - End-to-End Tests › E2E: New client signs up, books artist, completes payment, and communicates 

    Error: expect(locator).toContainText(expected) failed

    Locator: locator('h1')
    Expected substring: "Solely Art"
    Received string:    "DiscoverExceptional Artists"
    Timeout: 5000ms

    Call log:
      - Expect "toContainText" with timeout 5000ms
      - waiting for locator('h1')
        8 × locator resolved to <h1 data-testid="hero-title" data-loc="client/src/pages/Home.tsx:91" class="mb-8 text-6xl font-semibold leading-[1.1] md:text-7xl lg:text-8xl">…</h1>
          - unexpected value "DiscoverExceptional Artists"


      32 |     // Step 1: Discover the platform
      33 |     await page.goto('/');
    > 34 |     await expect(page.locator('h1')).toContainText('Solely Art', { ignoreCase: true });
         |                                      ^
      35 |
      36 |     // Step 2: Sign up for an account
      37 |     await page.click('[data-testid="signup-button"]');
        at /home/ubuntu/solely-art-platform/e2e-tests/tests/e2e/complete-user-journey.spec.ts:34:38

    attachment #1: screenshot (image/png) ──────────────────────────────────────────────────────────
    test-results/tests-e2e-complete-user-jo-b41be-es-payment-and-communicates-chromium/test-failed-1.png
    ────────────────────────────────────────────────────────────────────────────────────────────────

    attachment #2: video (video/webm) ──────────────────────────────────────────────────────────────
    test-results/tests-e2e-complete-user-jo-b41be-es-payment-and-communicates-chromium/video.webm
    ────────────────────────────────────────────────────────────────────────────────────────────────

    Error Context: test-results/tests-e2e-complete-user-jo-b41be-es-payment-and-communicates-chromium/error-context.md
]]>
</failure>
<system-out>
<![CDATA[
[[ATTACHMENT|../../test-results/tests-e2e-complete-user-jo-b41be-es-payment-and-communicates-chromium/test-failed-1.png]]

[[ATTACHMENT|../../test-results/tests-e2e-complete-user-jo-b41be-es-payment-and-communicates-chromium/video.webm]]

[[ATTACHMENT|../../test-results/tests-e2e-complete-user-jo-b41be-es-payment-and-communicates-chromium/error-context.md]]
]]>
</system-out>
</testcase>
<testcase name="Complete User Journey - End-to-End Tests › E2E: Artist receives booking, manages schedule, and communicates with client" classname="tests/e2e/complete-user-journey.spec.ts" time="8.672">
<failure message="complete-user-journey.spec.ts:152:7 E2E: Artist receives booking, manages schedule, and communicates with client" type="FAILURE">
<![CDATA[  [chromium] › tests/e2e/complete-user-journey.spec.ts:152:7 › Complete User Journey - End-to-End Tests › E2E: Artist receives booking, manages schedule, and communicates with client 

    Error: expect(locator).toBeVisible() failed

    Locator: locator('[data-testid="new-bookings-badge"]')
    Expected: visible
    Timeout: 5000ms
    Error: element(s) not found

    Call log:
      - Expect "toBeVisible" with timeout 5000ms
      - waiting for locator('[data-testid="new-bookings-badge"]')


      164 |
      165 |     // Step 2: Check for new bookings
    > 166 |     await expect(page.locator('[data-testid="new-bookings-badge"]')).toBeVisible();
          |                                                                      ^
      167 |
      168 |     // Step 3: View booking details
      169 |     await page.click('[data-testid="nav-bookings"]');
        at /home/ubuntu/solely-art-platform/e2e-tests/tests/e2e/complete-user-journey.spec.ts:166:70

    attachment #1: screenshot (image/png) ──────────────────────────────────────────────────────────
    test-results/tests-e2e-complete-user-jo-3fdab-nd-communicates-with-client-chromium/test-failed-1.png
    ────────────────────────────────────────────────────────────────────────────────────────────────

    attachment #2: video (video/webm) ──────────────────────────────────────────────────────────────
    test-results/tests-e2e-complete-user-jo-3fdab-nd-communicates-with-client-chromium/video.webm
    ────────────────────────────────────────────────────────────────────────────────────────────────

    Error Context: test-results/tests-e2e-complete-user-jo-3fdab-nd-communicates-with-client-chromium/error-context.md
]]>
</failure>
<system-out>
<![CDATA[✅ Client authenticated via storageState

[[ATTACHMENT|../../test-results/tests-e2e-complete-user-jo-3fdab-nd-communicates-with-client-chromium/test-failed-1.png]]

[[ATTACHMENT|../../test-results/tests-e2e-complete-user-jo-3fdab-nd-communicates-with-client-chromium/video.webm]]

[[ATTACHMENT|../../test-results/tests-e2e-complete-user-jo-3fdab-nd-communicates-with-client-chromium/error-context.md]]
]]>
</system-out>
</testcase>
<testcase name="Complete User Journey - End-to-End Tests › E2E: Client cancels booking and receives refund" classname="tests/e2e/complete-user-journey.spec.ts" time="3.413">
<properties>
<property name="skip" value="">
</property>
</properties>
<skipped>
</skipped>
</testcase>
<testcase name="Complete User Journey - End-to-End Tests › E2E: Multi-device sync - actions on desktop reflect on mobile" classname="tests/e2e/complete-user-journey.spec.ts" time="12.989">
<failure message="complete-user-journey.spec.ts:269:7 E2E: Multi-device sync - actions on desktop reflect on mobile" type="FAILURE">
<![CDATA[  [chromium] › tests/e2e/complete-user-journey.spec.ts:269:7 › Complete User Journey - End-to-End Tests › E2E: Multi-device sync - actions on desktop reflect on mobile 

    TimeoutError: page.click: Timeout 10000ms exceeded.
    Call log:
      - waiting for locator('[data-testid="conversation-item"]:first-child')


      283 |     // Send a message from desktop
      284 |     await desktopPage.goto('/messages');
    > 285 |     await desktopPage.click('[data-testid="conversation-item"]:first-child');
          |                       ^
      286 |     const testMessage = `Test sync message ${Date.now()}`;
      287 |     await desktopPage.fill('[data-testid="message-input"]', testMessage);
      288 |     await desktopPage.click('[data-testid="send-message"]');
        at /home/ubuntu/solely-art-platform/e2e-tests/tests/e2e/complete-user-journey.spec.ts:285:23

    attachment #1: screenshot (image/png) ──────────────────────────────────────────────────────────
    test-results/tests-e2e-complete-user-jo-cbc1d-n-desktop-reflect-on-mobile-chromium/test-failed-1.png
    ────────────────────────────────────────────────────────────────────────────────────────────────

    attachment #2: screenshot (image/png) ──────────────────────────────────────────────────────────
    test-results/tests-e2e-complete-user-jo-cbc1d-n-desktop-reflect-on-mobile-chromium/test-failed-2.png
    ────────────────────────────────────────────────────────────────────────────────────────────────

    attachment #3: video (video/webm) ──────────────────────────────────────────────────────────────
    test-results/tests-e2e-complete-user-jo-cbc1d-n-desktop-reflect-on-mobile-chromium/video.webm
    ────────────────────────────────────────────────────────────────────────────────────────────────

    attachment #4: video (video/webm) ──────────────────────────────────────────────────────────────
    test-results/tests-e2e-complete-user-jo-cbc1d-n-desktop-reflect-on-mobile-chromium/video-1.webm
    ────────────────────────────────────────────────────────────────────────────────────────────────

    Error Context: test-results/tests-e2e-complete-user-jo-cbc1d-n-desktop-reflect-on-mobile-chromium/error-context.md
]]>
</failure>
<system-out>
<![CDATA[
[[ATTACHMENT|../../test-results/tests-e2e-complete-user-jo-cbc1d-n-desktop-reflect-on-mobile-chromium/test-failed-1.png]]

[[ATTACHMENT|../../test-results/tests-e2e-complete-user-jo-cbc1d-n-desktop-reflect-on-mobile-chromium/test-failed-2.png]]

[[ATTACHMENT|../../test-results/tests-e2e-complete-user-jo-cbc1d-n-desktop-reflect-on-mobile-chromium/video.webm]]

[[ATTACHMENT|../../test-results/tests-e2e-complete-user-jo-cbc1d-n-desktop-reflect-on-mobile-chromium/video-1.webm]]

[[ATTACHMENT|../../test-results/tests-e2e-complete-user-jo-cbc1d-n-desktop-reflect-on-mobile-chromium/error-context.md]]
]]>
</system-out>
</testcase>
<testcase name="Complete User Journey - End-to-End Tests › E2E: Complete booking lifecycle from creation to completion" classname="tests/e2e/complete-user-journey.spec.ts" time="14.558">
<failure message="complete-user-journey.spec.ts:306:7 E2E: Complete booking lifecycle from creation to completion" type="FAILURE">
<![CDATA[  [chromium] › tests/e2e/complete-user-journey.spec.ts:306:7 › Complete User Journey - End-to-End Tests › E2E: Complete booking lifecycle from creation to completion 

    TimeoutError: page.click: Timeout 10000ms exceeded.
    Call log:
      - waiting for locator('[data-testid="time-slot"]:not([disabled]):first-child')


      324 |     await page.click('[data-testid="date-picker"]');
      325 |     await page.click(`[data-date="${tomorrow.toISOString().split('T')[0]}"]`);
    > 326 |     await page.click('[data-testid="time-slot"]:not([disabled]):first-child');
          |                ^
      327 |     await page.click('[data-testid="book-now-button"]');
      328 |
      329 |     // Complete payment
        at /home/ubuntu/solely-art-platform/e2e-tests/tests/e2e/complete-user-journey.spec.ts:326:16

    attachment #1: screenshot (image/png) ──────────────────────────────────────────────────────────
    test-results/tests-e2e-complete-user-jo-32811-from-creation-to-completion-chromium/test-failed-1.png
    ────────────────────────────────────────────────────────────────────────────────────────────────

    attachment #2: video (video/webm) ──────────────────────────────────────────────────────────────
    test-results/tests-e2e-complete-user-jo-32811-from-creation-to-completion-chromium/video.webm
    ────────────────────────────────────────────────────────────────────────────────────────────────

    Error Context: test-results/tests-e2e-complete-user-jo-32811-from-creation-to-completion-chromium/error-context.md
]]>
</failure>
<system-out>
<![CDATA[✅ Client authenticated via storageState

[[ATTACHMENT|../../test-results/tests-e2e-complete-user-jo-32811-from-creation-to-completion-chromium/test-failed-1.png]]

[[ATTACHMENT|../../test-results/tests-e2e-complete-user-jo-32811-from-creation-to-completion-chromium/video.webm]]

[[ATTACHMENT|../../test-results/tests-e2e-complete-user-jo-32811-from-creation-to-completion-chromium/error-context.md]]
]]>
</system-out>
</testcase>
</testsuite>
<testsuite name="tests/functional/booking-workflow.spec.ts" timestamp="2026-01-02T12:43:14.801Z" hostname="chromium" tests="10" failures="0" skipped="0" time="98.994" errors="0">
<testcase name="Booking Workflow - Functional Tests › should allow client to search for artists by name" classname="tests/functional/booking-workflow.spec.ts" time="2.842">
</testcase>
<testcase name="Booking Workflow - Functional Tests › should allow client to filter artists by category" classname="tests/functional/booking-workflow.spec.ts" time="2.416">
</testcase>
<testcase name="Booking Workflow - Functional Tests › should display artist profile with all required information" classname="tests/functional/booking-workflow.spec.ts" time="1.849">
</testcase>
<testcase name="Booking Workflow - Functional Tests › should show availability preview on artist profile" classname="tests/functional/booking-workflow.spec.ts" time="2.494">
</testcase>
<testcase name="Booking Workflow - Functional Tests › should navigate from artist profile to booking page" classname="tests/functional/booking-workflow.spec.ts" time="5.142">
<system-out>
<![CDATA[✅ Client authenticated via storageState
✅ Session cookie present after navigation
✅ Auth check completed after navigation
]]>
</system-out>
</testcase>
<testcase name="Booking Workflow - Functional Tests › should display booking page with services (Step 1)" classname="tests/functional/booking-workflow.spec.ts" time="16.89">
<system-out>
<![CDATA[✅ Client authenticated via storageState
✅ Session cookie present after navigation
]]>
</system-out>
<system-err>
<![CDATA[⚠️  Warning: auth.me response not detected after navigation
]]>
</system-err>
</testcase>
<testcase name="Booking Workflow - Functional Tests › should show calendar after selecting a service (Step 2)" classname="tests/functional/booking-workflow.spec.ts" time="15.956">
<system-out>
<![CDATA[✅ Client authenticated via storageState
✅ Session cookie present after navigation
]]>
</system-out>
<system-err>
<![CDATA[⚠️  Warning: auth.me response not detected after navigation
]]>
</system-err>
</testcase>
<testcase name="Booking Workflow - Functional Tests › should display calendar with date selection in Step 2" classname="tests/functional/booking-workflow.spec.ts" time="16.805">
<system-out>
<![CDATA[✅ Client authenticated via storageState
✅ Session cookie present after navigation
]]>
</system-out>
<system-err>
<![CDATA[⚠️  Warning: auth.me response not detected after navigation
]]>
</system-err>
</testcase>
<testcase name="Booking Workflow - Functional Tests › should show time slots after selecting a date" classname="tests/functional/booking-workflow.spec.ts" time="16.959">
<system-out>
<![CDATA[✅ Client authenticated via storageState
✅ Session cookie present after navigation
]]>
</system-out>
<system-err>
<![CDATA[⚠️  Warning: auth.me response not detected after navigation
]]>
</system-err>
</testcase>
<testcase name="Booking Workflow - Functional Tests › should complete full booking flow through all steps" classname="tests/functional/booking-workflow.spec.ts" time="17.641">
<system-out>
<![CDATA[✅ Client authenticated via storageState
✅ Session cookie present after navigation
]]>
</system-out>
<system-err>
<![CDATA[⚠️  Warning: auth.me response not detected after navigation
]]>
</system-err>
</testcase>
</testsuite>
<testsuite name="tests/integration/booking-payment-integration.spec.ts" timestamp="2026-01-02T12:43:14.801Z" hostname="chromium" tests="6" failures="6" skipped="0" time="93.853" errors="0">
<testcase name="Booking and Payment Integration Tests › should integrate booking creation with database" classname="tests/integration/booking-payment-integration.spec.ts" time="14.821">
<failure message="booking-payment-integration.spec.ts:20:7 should integrate booking creation with database" type="FAILURE">
<![CDATA[  [chromium] › tests/integration/booking-payment-integration.spec.ts:20:7 › Booking and Payment Integration Tests › should integrate booking creation with database 

    TimeoutError: page.click: Timeout 10000ms exceeded.
    Call log:
      - waiting for locator('[data-testid="time-slot"][data-time="10:00"]')


      34 |     tomorrow.setDate(tomorrow.getDate() + 1);
      35 |     await page.click(`[data-date="${tomorrow.toISOString().split('T')[0]}"]`);
    > 36 |     await page.click('[data-testid="time-slot"][data-time="10:00"]');
         |                ^
      37 |
      38 |     // Proceed to booking
      39 |     await page.click('[data-testid="book-now-button"]');
        at /home/ubuntu/solely-art-platform/e2e-tests/tests/integration/booking-payment-integration.spec.ts:36:16

    attachment #1: screenshot (image/png) ──────────────────────────────────────────────────────────
    test-results/tests-integration-booking--0bdb1-king-creation-with-database-chromium/test-failed-1.png
    ────────────────────────────────────────────────────────────────────────────────────────────────

    attachment #2: video (video/webm) ──────────────────────────────────────────────────────────────
    test-results/tests-integration-booking--0bdb1-king-creation-with-database-chromium/video.webm
    ────────────────────────────────────────────────────────────────────────────────────────────────

    Error Context: test-results/tests-integration-booking--0bdb1-king-creation-with-database-chromium/error-context.md
]]>
</failure>
<system-out>
<![CDATA[✅ Client authenticated via storageState

[[ATTACHMENT|../../test-results/tests-integration-booking--0bdb1-king-creation-with-database-chromium/test-failed-1.png]]

[[ATTACHMENT|../../test-results/tests-integration-booking--0bdb1-king-creation-with-database-chromium/video.webm]]

[[ATTACHMENT|../../test-results/tests-integration-booking--0bdb1-king-creation-with-database-chromium/error-context.md]]
]]>
</system-out>
</testcase>
<testcase name="Booking and Payment Integration Tests › should integrate booking with payment processing" classname="tests/integration/booking-payment-integration.spec.ts" time="14.317">
<failure message="booking-payment-integration.spec.ts:56:7 should integrate booking with payment processing" type="FAILURE">
<![CDATA[  [chromium] › tests/integration/booking-payment-integration.spec.ts:56:7 › Booking and Payment Integration Tests › should integrate booking with payment processing 

    TimeoutError: page.click: Timeout 10000ms exceeded.
    Call log:
      - waiting for locator('[data-testid="time-slot"][data-time="14:00"]')


      65 |     await page.click('[data-testid="date-picker"]');
      66 |     await page.click(`[data-date="${tomorrow.toISOString().split('T')[0]}"]`);
    > 67 |     await page.click('[data-testid="time-slot"][data-time="14:00"]');
         |                ^
      68 |     await page.click('[data-testid="book-now-button"]');
      69 |
      70 |     // Wait for booking creation
        at /home/ubuntu/solely-art-platform/e2e-tests/tests/integration/booking-payment-integration.spec.ts:67:16

    attachment #1: screenshot (image/png) ──────────────────────────────────────────────────────────
    test-results/tests-integration-booking--cbc06-ing-with-payment-processing-chromium/test-failed-1.png
    ────────────────────────────────────────────────────────────────────────────────────────────────

    attachment #2: video (video/webm) ──────────────────────────────────────────────────────────────
    test-results/tests-integration-booking--cbc06-ing-with-payment-processing-chromium/video.webm
    ────────────────────────────────────────────────────────────────────────────────────────────────

    Error Context: test-results/tests-integration-booking--cbc06-ing-with-payment-processing-chromium/error-context.md
]]>
</failure>
<system-out>
<![CDATA[✅ Client authenticated via storageState

[[ATTACHMENT|../../test-results/tests-integration-booking--cbc06-ing-with-payment-processing-chromium/test-failed-1.png]]

[[ATTACHMENT|../../test-results/tests-integration-booking--cbc06-ing-with-payment-processing-chromium/video.webm]]

[[ATTACHMENT|../../test-results/tests-integration-booking--cbc06-ing-with-payment-processing-chromium/error-context.md]]
]]>
</system-out>
</testcase>
<testcase name="Booking and Payment Integration Tests › should integrate booking cancellation with refund processing" classname="tests/integration/booking-payment-integration.spec.ts" time="15.204">
<failure message="booking-payment-integration.spec.ts:104:7 should integrate booking cancellation with refund processing" type="FAILURE">
<![CDATA[  [chromium] › tests/integration/booking-payment-integration.spec.ts:104:7 › Booking and Payment Integration Tests › should integrate booking cancellation with refund processing 

    TimeoutError: page.click: Timeout 10000ms exceeded.
    Call log:
      - waiting for locator('[data-testid="booking-card"][data-status="confirmed"]:first-child')


      109 |
      110 |     // Select a confirmed booking
    > 111 |     await page.click('[data-testid="booking-card"][data-status="confirmed"]:first-child');
          |                ^
      112 |
      113 |     // Click cancel button
      114 |     await page.click('[data-testid="cancel-booking"]');
        at /home/ubuntu/solely-art-platform/e2e-tests/tests/integration/booking-payment-integration.spec.ts:111:16

    attachment #1: screenshot (image/png) ──────────────────────────────────────────────────────────
    test-results/tests-integration-booking--72656-tion-with-refund-processing-chromium/test-failed-1.png
    ────────────────────────────────────────────────────────────────────────────────────────────────

    attachment #2: video (video/webm) ──────────────────────────────────────────────────────────────
    test-results/tests-integration-booking--72656-tion-with-refund-processing-chromium/video.webm
    ────────────────────────────────────────────────────────────────────────────────────────────────

    Error Context: test-results/tests-integration-booking--72656-tion-with-refund-processing-chromium/error-context.md
]]>
</failure>
<system-out>
<![CDATA[✅ Client authenticated via storageState

[[ATTACHMENT|../../test-results/tests-integration-booking--72656-tion-with-refund-processing-chromium/test-failed-1.png]]

[[ATTACHMENT|../../test-results/tests-integration-booking--72656-tion-with-refund-processing-chromium/video.webm]]

[[ATTACHMENT|../../test-results/tests-integration-booking--72656-tion-with-refund-processing-chromium/error-context.md]]
]]>
</system-out>
</testcase>
<testcase name="Booking and Payment Integration Tests › should integrate availability check with booking creation" classname="tests/integration/booking-payment-integration.spec.ts" time="16.035">
<failure message="booking-payment-integration.spec.ts:138:7 should integrate availability check with booking creation" type="FAILURE">
<![CDATA[  [chromium] › tests/integration/booking-payment-integration.spec.ts:138:7 › Booking and Payment Integration Tests › should integrate availability check with booking creation 

    TimeoutError: page.waitForResponse: Timeout 10000ms exceeded while waiting for event "response"

       at utils/helpers.ts:17

      15 |   expectedStatus: number = 200
      16 | ) {
    > 17 |   const response = await page.waitForResponse(
         |                               ^
      18 |     (response) => {
      19 |       const url = response.url();
      20 |       const status = response.status();
        at waitForAPIResponse (/home/ubuntu/solely-art-platform/e2e-tests/utils/helpers.ts:17:31)
        at /home/ubuntu/solely-art-platform/e2e-tests/tests/integration/booking-payment-integration.spec.ts:152:58

    attachment #1: screenshot (image/png) ──────────────────────────────────────────────────────────
    test-results/tests-integration-booking--612c3-check-with-booking-creation-chromium/test-failed-1.png
    ────────────────────────────────────────────────────────────────────────────────────────────────

    attachment #2: video (video/webm) ──────────────────────────────────────────────────────────────
    test-results/tests-integration-booking--612c3-check-with-booking-creation-chromium/video.webm
    ────────────────────────────────────────────────────────────────────────────────────────────────

    Error Context: test-results/tests-integration-booking--612c3-check-with-booking-creation-chromium/error-context.md
]]>
</failure>
<system-out>
<![CDATA[✅ Client authenticated via storageState

[[ATTACHMENT|../../test-results/tests-integration-booking--612c3-check-with-booking-creation-chromium/test-failed-1.png]]

[[ATTACHMENT|../../test-results/tests-integration-booking--612c3-check-with-booking-creation-chromium/video.webm]]

[[ATTACHMENT|../../test-results/tests-integration-booking--612c3-check-with-booking-creation-chromium/error-context.md]]
]]>
</system-out>
</testcase>
<testcase name="Booking and Payment Integration Tests › should handle concurrent booking attempts (race condition)" classname="tests/integration/booking-payment-integration.spec.ts" time="17.253">
<failure message="booking-payment-integration.spec.ts:175:7 should handle concurrent booking attempts (race condition)" type="FAILURE">
<![CDATA[  [chromium] › tests/integration/booking-payment-integration.spec.ts:175:7 › Booking and Payment Integration Tests › should handle concurrent booking attempts (race condition) 

    TimeoutError: page.fill: Timeout 10000ms exceeded.
    Call log:
      - waiting for locator('input[name="email"]')


      181 |     for (const p of [page1, page2]) {
      182 |       await p.goto('/login');
    > 183 |       await p.fill('input[name="email"]', process.env.TEST_CLIENT_EMAIL || '');
          |               ^
      184 |       await p.fill('input[name="password"]', process.env.TEST_CLIENT_PASSWORD || '');
      185 |       await p.click('button[type="submit"]');
      186 |       await p.waitForURL('**/dashboard');
        at /home/ubuntu/solely-art-platform/e2e-tests/tests/integration/booking-payment-integration.spec.ts:183:15

    attachment #1: screenshot (image/png) ──────────────────────────────────────────────────────────
    test-results/tests-integration-booking--79afb-ng-attempts-race-condition--chromium/test-failed-3.png
    ────────────────────────────────────────────────────────────────────────────────────────────────

    attachment #2: screenshot (image/png) ──────────────────────────────────────────────────────────
    test-results/tests-integration-booking--79afb-ng-attempts-race-condition--chromium/test-failed-1.png
    ────────────────────────────────────────────────────────────────────────────────────────────────

    attachment #3: screenshot (image/png) ──────────────────────────────────────────────────────────
    test-results/tests-integration-booking--79afb-ng-attempts-race-condition--chromium/test-failed-2.png
    ────────────────────────────────────────────────────────────────────────────────────────────────

    attachment #4: video (video/webm) ──────────────────────────────────────────────────────────────
    test-results/tests-integration-booking--79afb-ng-attempts-race-condition--chromium/video.webm
    ────────────────────────────────────────────────────────────────────────────────────────────────

    attachment #5: video (video/webm) ──────────────────────────────────────────────────────────────
    test-results/tests-integration-booking--79afb-ng-attempts-race-condition--chromium/video-2.webm
    ────────────────────────────────────────────────────────────────────────────────────────────────

    attachment #6: video (video/webm) ──────────────────────────────────────────────────────────────
    test-results/tests-integration-booking--79afb-ng-attempts-race-condition--chromium/video-1.webm
    ────────────────────────────────────────────────────────────────────────────────────────────────

    Error Context: test-results/tests-integration-booking--79afb-ng-attempts-race-condition--chromium/error-context.md
]]>
</failure>
<system-out>
<![CDATA[✅ Client authenticated via storageState

[[ATTACHMENT|../../test-results/tests-integration-booking--79afb-ng-attempts-race-condition--chromium/test-failed-3.png]]

[[ATTACHMENT|../../test-results/tests-integration-booking--79afb-ng-attempts-race-condition--chromium/test-failed-1.png]]

[[ATTACHMENT|../../test-results/tests-integration-booking--79afb-ng-attempts-race-condition--chromium/test-failed-2.png]]

[[ATTACHMENT|../../test-results/tests-integration-booking--79afb-ng-attempts-race-condition--chromium/video.webm]]

[[ATTACHMENT|../../test-results/tests-integration-booking--79afb-ng-attempts-race-condition--chromium/video-2.webm]]

[[ATTACHMENT|../../test-results/tests-integration-booking--79afb-ng-attempts-race-condition--chromium/video-1.webm]]

[[ATTACHMENT|../../test-results/tests-integration-booking--79afb-ng-attempts-race-condition--chromium/error-context.md]]
]]>
</system-out>
</testcase>
<testcase name="Booking and Payment Integration Tests › should integrate messaging with booking confirmation" classname="tests/integration/booking-payment-integration.spec.ts" time="16.223">
<failure message="booking-payment-integration.spec.ts:229:7 should integrate messaging with booking confirmation" type="FAILURE">
<![CDATA[  [chromium] › tests/integration/booking-payment-integration.spec.ts:229:7 › Booking and Payment Integration Tests › should integrate messaging with booking confirmation 

    TimeoutError: page.click: Timeout 10000ms exceeded.
    Call log:
      - waiting for locator('[data-testid="time-slot"][data-time="11:00"]')


      238 |     await page.click('[data-testid="date-picker"]');
      239 |     await page.click(`[data-date="${tomorrow.toISOString().split('T')[0]}"]`);
    > 240 |     await page.click('[data-testid="time-slot"][data-time="11:00"]');
          |                ^
      241 |     await page.click('[data-testid="book-now-button"]');
      242 |
      243 |     // Complete payment
        at /home/ubuntu/solely-art-platform/e2e-tests/tests/integration/booking-payment-integration.spec.ts:240:16

    attachment #1: screenshot (image/png) ──────────────────────────────────────────────────────────
    test-results/tests-integration-booking--44396-g-with-booking-confirmation-chromium/test-failed-1.png
    ────────────────────────────────────────────────────────────────────────────────────────────────

    attachment #2: video (video/webm) ──────────────────────────────────────────────────────────────
    test-results/tests-integration-booking--44396-g-with-booking-confirmation-chromium/video.webm
    ────────────────────────────────────────────────────────────────────────────────────────────────

    Error Context: test-results/tests-integration-booking--44396-g-with-booking-confirmation-chromium/error-context.md
]]>
</failure>
<system-out>
<![CDATA[✅ Client authenticated via storageState

[[ATTACHMENT|../../test-results/tests-integration-booking--44396-g-with-booking-confirmation-chromium/test-failed-1.png]]

[[ATTACHMENT|../../test-results/tests-integration-booking--44396-g-with-booking-confirmation-chromium/video.webm]]

[[ATTACHMENT|../../test-results/tests-integration-booking--44396-g-with-booking-confirmation-chromium/error-context.md]]
]]>
</system-out>
</testcase>
</testsuite>
<testsuite name="tests/performance/load-time.spec.ts" timestamp="2026-01-02T12:43:14.801Z" hostname="chromium" tests="12" failures="0" skipped="0" time="80.429" errors="0">
<testcase name="Performance Tests › should load home page within acceptable time" classname="tests/performance/load-time.spec.ts" time="5.231">
<system-out>
<![CDATA[Home page load time: 1839ms
]]>
</system-out>
</testcase>
<testcase name="Performance Tests › should meet Core Web Vitals standards" classname="tests/performance/load-time.spec.ts" time="8.322">
<system-out>
<![CDATA[Core Web Vitals: { FCP: [33m777[39m, TTI: [33m247[39m, LCP: [33m795[39m }
]]>
</system-out>
</testcase>
<testcase name="Performance Tests › should load search results quickly" classname="tests/performance/load-time.spec.ts" time="3.205">
<system-out>
<![CDATA[Search results load time: 1126ms
]]>
</system-out>
</testcase>
<testcase name="Performance Tests › should load artist profile within acceptable time" classname="tests/performance/load-time.spec.ts" time="4.189">
<system-out>
<![CDATA[Artist profile load time: 735ms
]]>
</system-out>
</testcase>
<testcase name="Performance Tests › should fetch availability data quickly" classname="tests/performance/load-time.spec.ts" time="3.727">
<system-out>
<![CDATA[Availability calendar load time: 58ms
]]>
</system-out>
</testcase>
<testcase name="Performance Tests › should handle image loading efficiently" classname="tests/performance/load-time.spec.ts" time="3.238">
<system-out>
<![CDATA[Loaded 37 images
Image: https://3000-ismw4r56ghxjg647vetcg-a6f21cbd.manusv... - 10.5ms - 4067 bytes
Image: https://images.unsplash.com/photo-1460661419201-fd... - 127.20000004768372ms - 252012 bytes
Image: https://images.unsplash.com/photo-1513364776144-60... - 119.80000019073486ms - 82057 bytes
Image: https://images.unsplash.com/photo-1579783902614-a3... - 112.39999985694885ms - 235300 bytes
Image: https://images.unsplash.com/photo-1506794778202-ca... - 95.10000014305115ms - 221479 bytes
Image: https://images.unsplash.com/photo-1544005313-94ddf... - 124.79999995231628ms - 171555 bytes
Image: https://files.manuscdn.com/user_upload_by_module/s... - 92.29999995231628ms - 0 bytes
Image: https://files.manuscdn.com/user_upload_by_module/s... - 64ms - 0 bytes
Image: https://files.manuscdn.com/user_upload_by_module/s... - 87.70000004768372ms - 0 bytes
Image: https://files.manuscdn.com/user_upload_by_module/s... - 57ms - 0 bytes
Image: https://files.manuscdn.com/user_upload_by_module/s... - 58.5ms - 0 bytes
Image: https://files.manuscdn.com/user_upload_by_module/s... - 89.10000014305115ms - 0 bytes
Image: https://files.manuscdn.com/user_upload_by_module/s... - 123.59999990463257ms - 0 bytes
Image: https://files.manuscdn.com/user_upload_by_module/s... - 159.09999990463257ms - 0 bytes
Image: https://files.manuscdn.com/user_upload_by_module/s... - 160.29999995231628ms - 0 bytes
Image: https://files.manuscdn.com/user_upload_by_module/s... - 167.20000004768372ms - 0 bytes
Image: https://files.manuscdn.com/user_upload_by_module/s... - 170.80000019073486ms - 0 bytes
Image: https://files.manuscdn.com/user_upload_by_module/s... - 174.09999990463257ms - 0 bytes
Image: https://files.manuscdn.com/user_upload_by_module/s... - 200.89999985694885ms - 0 bytes
Image: https://files.manuscdn.com/user_upload_by_module/s... - 200.59999990463257ms - 0 bytes
Image: https://files.manuscdn.com/user_upload_by_module/s... - 218.20000004768372ms - 0 bytes
Image: https://files.manuscdn.com/user_upload_by_module/s... - 221.69999980926514ms - 0 bytes
Image: https://files.manuscdn.com/user_upload_by_module/s... - 333.2000000476837ms - 0 bytes
Image: https://files.manuscdn.com/user_upload_by_module/s... - 247.90000009536743ms - 0 bytes
Image: https://files.manuscdn.com/user_upload_by_module/s... - 277.7000000476837ms - 0 bytes
Image: https://files.manuscdn.com/user_upload_by_module/s... - 291.90000009536743ms - 0 bytes
Image: https://files.manuscdn.com/user_upload_by_module/s... - 289.59999990463257ms - 0 bytes
Image: https://files.manuscdn.com/user_upload_by_module/s... - 296.7000000476837ms - 0 bytes
Image: https://files.manuscdn.com/user_upload_by_module/s... - 346.7999999523163ms - 0 bytes
Image: https://files.manuscdn.com/user_upload_by_module/s... - 370.7999999523163ms - 0 bytes
Image: https://files.manuscdn.com/user_upload_by_module/s... - 358.59999990463257ms - 0 bytes
Image: https://files.manuscdn.com/user_upload_by_module/s... - 366.5ms - 0 bytes
Image: https://files.manuscdn.com/user_upload_by_module/s... - 373.7000000476837ms - 0 bytes
Image: https://files.manuscdn.com/user_upload_by_module/s... - 377.2999999523163ms - 0 bytes
Image: https://files.manuscdn.com/user_upload_by_module/s... - 382.40000009536743ms - 0 bytes
Image: https://files.manuscdn.com/user_upload_by_module/s... - 395.40000009536743ms - 0 bytes
Image: https://files.manuscdn.com/user_upload_by_module/s... - 396.10000014305115ms - 0 bytes
]]>
</system-out>
</testcase>
<testcase name="Performance Tests › should handle concurrent API requests efficiently" classname="tests/performance/load-time.spec.ts" time="1.977">
<system-out>
<![CDATA[Concurrent API requests completed in: 1035ms
Request 1: 200 - https://3000-ismw4r56ghxjg647vetcg-a6f21cbd.manusvm.computer/api/trpc/auth.me,categories.list,artists.search?batch=1&input=%7B%220%22%3A%7B%22json%22%3Anull%2C%22meta%22%3A%7B%22values%22%3A%5B%22undefined%22%5D%7D%7D%2C%221%22%3A%7B%22json%22%3Anull%2C%22meta%22%3A%7B%22values%22%3A%5B%22undefined%22%5D%7D%7D%2C%222%22%3A%7B%22json%22%3A%7B%22searchTerm%22%3Anull%2C%22category%22%3Anull%2C%22location%22%3Anull%7D%2C%22meta%22%3A%7B%22values%22%3A%7B%22searchTerm%22%3A%5B%22undefined%22%5D%2C%22category%22%3A%5B%22undefined%22%5D%2C%22location%22%3A%5B%22undefined%22%5D%7D%7D%7D%7D
]]>
</system-out>
</testcase>
<testcase name="Performance Tests › should maintain performance under slow network conditions" classname="tests/performance/load-time.spec.ts" time="34.67">
<system-out>
<![CDATA[Page load time on slow 3G: 29395ms
]]>
</system-out>
</testcase>
<testcase name="Performance Tests › should optimize bundle size" classname="tests/performance/load-time.spec.ts" time="3.818">
<system-out>
<![CDATA[Total JavaScript size: 0.00 KB
]]>
</system-out>
</testcase>
<testcase name="Performance Tests › should cache resources effectively" classname="tests/performance/load-time.spec.ts" time="4.927">
<system-out>
<![CDATA[Cache statistics: { total: [33m123[39m, cached: [33m59[39m, cacheRate: [33m47.96747967479675[39m }
  Total resources: 123
  Cached resources: 59
  Cache rate: 47.97%
]]>
</system-out>
</testcase>
<testcase name="Performance Tests › should handle booking flow without performance degradation" classname="tests/performance/load-time.spec.ts" time="4.883">
<system-out>
<![CDATA[✅ Client authenticated via storageState
Booking flow timings:
  search: 1595ms
  profile: 75ms
  bookingPage: 978ms
  Total booking flow: 2648ms
]]>
</system-out>
</testcase>
<testcase name="Performance Tests › should measure and report Web Vitals for monitoring" classname="tests/performance/load-time.spec.ts" time="2.242">
<system-out>
<![CDATA[Performance Report:
  DNS Lookup: 1ms
  TCP Connection: 6ms
  Time to First Byte: 11ms
  Download: 20ms
  DOM Processing: 655ms
  DOM Content Loaded: 676ms
  Page Load: 682ms
  Resources Loaded: 121
  JS Heap Used: 18.41 MB
]]>
</system-out>
</testcase>
</testsuite>
<testsuite name="tests/regression/critical-paths.spec.ts" timestamp="2026-01-02T12:43:14.801Z" hostname="chromium" tests="12" failures="8" skipped="2" time="121.988" errors="0">
<testcase name="Critical Path Regression Tests › regression: user login and logout flow" classname="tests/regression/critical-paths.spec.ts" time="2.103">
<system-out>
<![CDATA[✅ Client authenticated via storageState
]]>
</system-out>
</testcase>
<testcase name="Critical Path Regression Tests › regression: artist search functionality" classname="tests/regression/critical-paths.spec.ts" time="2.32">
</testcase>
<testcase name="Critical Path Regression Tests › regression: complete booking creation flow" classname="tests/regression/critical-paths.spec.ts" time="16.677">
<failure message="critical-paths.spec.ts:63:7 regression: complete booking creation flow" type="FAILURE">
<![CDATA[  [chromium] › tests/regression/critical-paths.spec.ts:63:7 › Critical Path Regression Tests › regression: complete booking creation flow 

    TimeoutError: page.click: Timeout 10000ms exceeded.
    Call log:
      - waiting for locator('[data-testid="time-slot"]:not([disabled]):first-child')


      75 |
      76 |     // Select time
    > 77 |     await page.click('[data-testid="time-slot"]:not([disabled]):first-child');
         |                ^
      78 |
      79 |     // Select duration
      80 |     await page.selectOption('[data-testid="duration-select"]', '60');
        at /home/ubuntu/solely-art-platform/e2e-tests/tests/regression/critical-paths.spec.ts:77:16

    attachment #1: screenshot (image/png) ──────────────────────────────────────────────────────────
    test-results/tests-regression-critical--afa1a-plete-booking-creation-flow-chromium/test-failed-1.png
    ────────────────────────────────────────────────────────────────────────────────────────────────

    attachment #2: video (video/webm) ──────────────────────────────────────────────────────────────
    test-results/tests-regression-critical--afa1a-plete-booking-creation-flow-chromium/video.webm
    ────────────────────────────────────────────────────────────────────────────────────────────────

    Error Context: test-results/tests-regression-critical--afa1a-plete-booking-creation-flow-chromium/error-context.md
]]>
</failure>
<system-out>
<![CDATA[✅ Client authenticated via storageState

[[ATTACHMENT|../../test-results/tests-regression-critical--afa1a-plete-booking-creation-flow-chromium/test-failed-1.png]]

[[ATTACHMENT|../../test-results/tests-regression-critical--afa1a-plete-booking-creation-flow-chromium/video.webm]]

[[ATTACHMENT|../../test-results/tests-regression-critical--afa1a-plete-booking-creation-flow-chromium/error-context.md]]
]]>
</system-out>
</testcase>
<testcase name="Critical Path Regression Tests › regression: successful payment processing" classname="tests/regression/critical-paths.spec.ts" time="15.936">
<failure message="critical-paths.spec.ts:96:7 regression: successful payment processing" type="FAILURE">
<![CDATA[  [chromium] › tests/regression/critical-paths.spec.ts:96:7 › Critical Path Regression Tests › regression: successful payment processing 

    TimeoutError: page.click: Timeout 10000ms exceeded.
    Call log:
      - waiting for locator('[data-testid="time-slot"]:not([disabled]):first-child')


      103 |     await page.click('[data-testid="date-picker"]');
      104 |     await page.click(`[data-date="${tomorrow.toISOString().split('T')[0]}"]`);
    > 105 |     await page.click('[data-testid="time-slot"]:not([disabled]):first-child');
          |                ^
      106 |     await page.click('[data-testid="book-now-button"]');
      107 |     await page.click('[data-testid="proceed-to-payment"]');
      108 |
        at /home/ubuntu/solely-art-platform/e2e-tests/tests/regression/critical-paths.spec.ts:105:16

    attachment #1: screenshot (image/png) ──────────────────────────────────────────────────────────
    test-results/tests-regression-critical--53a2c-ccessful-payment-processing-chromium/test-failed-1.png
    ────────────────────────────────────────────────────────────────────────────────────────────────

    attachment #2: video (video/webm) ──────────────────────────────────────────────────────────────
    test-results/tests-regression-critical--53a2c-ccessful-payment-processing-chromium/video.webm
    ────────────────────────────────────────────────────────────────────────────────────────────────

    Error Context: test-results/tests-regression-critical--53a2c-ccessful-payment-processing-chromium/error-context.md
]]>
</failure>
<system-out>
<![CDATA[✅ Client authenticated via storageState

[[ATTACHMENT|../../test-results/tests-regression-critical--53a2c-ccessful-payment-processing-chromium/test-failed-1.png]]

[[ATTACHMENT|../../test-results/tests-regression-critical--53a2c-ccessful-payment-processing-chromium/video.webm]]

[[ATTACHMENT|../../test-results/tests-regression-critical--53a2c-ccessful-payment-processing-chromium/error-context.md]]
]]>
</system-out>
</testcase>
<testcase name="Critical Path Regression Tests › regression: declined payment handling" classname="tests/regression/critical-paths.spec.ts" time="15.181">
<failure message="critical-paths.spec.ts:125:7 regression: declined payment handling" type="FAILURE">
<![CDATA[  [chromium] › tests/regression/critical-paths.spec.ts:125:7 › Critical Path Regression Tests › regression: declined payment handling 

    TimeoutError: page.click: Timeout 10000ms exceeded.
    Call log:
      - waiting for locator('[data-testid="time-slot"]:not([disabled]):first-child')


      132 |     await page.click('[data-testid="date-picker"]');
      133 |     await page.click(`[data-date="${tomorrow.toISOString().split('T')[0]}"]`);
    > 134 |     await page.click('[data-testid="time-slot"]:not([disabled]):first-child');
          |                ^
      135 |     await page.click('[data-testid="book-now-button"]');
      136 |     await page.click('[data-testid="proceed-to-payment"]');
      137 |
        at /home/ubuntu/solely-art-platform/e2e-tests/tests/regression/critical-paths.spec.ts:134:16

    attachment #1: screenshot (image/png) ──────────────────────────────────────────────────────────
    test-results/tests-regression-critical--5073c-n-declined-payment-handling-chromium/test-failed-1.png
    ────────────────────────────────────────────────────────────────────────────────────────────────

    attachment #2: video (video/webm) ──────────────────────────────────────────────────────────────
    test-results/tests-regression-critical--5073c-n-declined-payment-handling-chromium/video.webm
    ────────────────────────────────────────────────────────────────────────────────────────────────

    Error Context: test-results/tests-regression-critical--5073c-n-declined-payment-handling-chromium/error-context.md
]]>
</failure>
<system-out>
<![CDATA[✅ Client authenticated via storageState

[[ATTACHMENT|../../test-results/tests-regression-critical--5073c-n-declined-payment-handling-chromium/test-failed-1.png]]

[[ATTACHMENT|../../test-results/tests-regression-critical--5073c-n-declined-payment-handling-chromium/video.webm]]

[[ATTACHMENT|../../test-results/tests-regression-critical--5073c-n-declined-payment-handling-chromium/error-context.md]]
]]>
</system-out>
</testcase>
<testcase name="Critical Path Regression Tests › regression: booking cancellation flow" classname="tests/regression/critical-paths.spec.ts" time="3.769">
<properties>
<property name="skip" value="">
</property>
</properties>
<skipped>
</skipped>
</testcase>
<testcase name="Critical Path Regression Tests › regression: send and receive messages" classname="tests/regression/critical-paths.spec.ts" time="2.501">
<properties>
<property name="skip" value="">
</property>
</properties>
<skipped>
</skipped>
</testcase>
<testcase name="Critical Path Regression Tests › regression: update user profile" classname="tests/regression/critical-paths.spec.ts" time="12.71">
<failure message="critical-paths.spec.ts:225:7 regression: update user profile" type="FAILURE">
<![CDATA[  [chromium] › tests/regression/critical-paths.spec.ts:225:7 › Critical Path Regression Tests › regression: update user profile 

    TimeoutError: page.fill: Timeout 10000ms exceeded.
    Call log:
      - waiting for locator('[data-testid="bio-input"]')


      229 |     // Update bio
      230 |     const newBio = `Updated bio ${Date.now()}`;
    > 231 |     await page.fill('[data-testid="bio-input"]', newBio);
          |                ^
      232 |
      233 |     // Save changes
      234 |     await page.click('[data-testid="save-profile"]');
        at /home/ubuntu/solely-art-platform/e2e-tests/tests/regression/critical-paths.spec.ts:231:16

    attachment #1: screenshot (image/png) ──────────────────────────────────────────────────────────
    test-results/tests-regression-critical--040a3-ression-update-user-profile-chromium/test-failed-1.png
    ────────────────────────────────────────────────────────────────────────────────────────────────

    attachment #2: video (video/webm) ──────────────────────────────────────────────────────────────
    test-results/tests-regression-critical--040a3-ression-update-user-profile-chromium/video.webm
    ────────────────────────────────────────────────────────────────────────────────────────────────

    Error Context: test-results/tests-regression-critical--040a3-ression-update-user-profile-chromium/error-context.md
]]>
</failure>
<system-out>
<![CDATA[✅ Client authenticated via storageState

[[ATTACHMENT|../../test-results/tests-regression-critical--040a3-ression-update-user-profile-chromium/test-failed-1.png]]

[[ATTACHMENT|../../test-results/tests-regression-critical--040a3-ression-update-user-profile-chromium/video.webm]]

[[ATTACHMENT|../../test-results/tests-regression-critical--040a3-ression-update-user-profile-chromium/error-context.md]]
]]>
</system-out>
</testcase>
<testcase name="Critical Path Regression Tests › regression: main navigation links work correctly" classname="tests/regression/critical-paths.spec.ts" time="12.584">
<failure message="critical-paths.spec.ts:248:7 regression: main navigation links work correctly" type="FAILURE">
<![CDATA[  [chromium] › tests/regression/critical-paths.spec.ts:248:7 › Critical Path Regression Tests › regression: main navigation links work correctly 

    TimeoutError: page.click: Timeout 10000ms exceeded.
    Call log:
      - waiting for locator('[data-testid="nav-search"]')


      257 |
      258 |     for (const link of navLinks) {
    > 259 |       await page.click(link.selector);
          |                  ^
      260 |       await page.waitForURL(`**${link.expectedUrl}`);
      261 |       expect(page.url()).toContain(link.expectedUrl);
      262 |       await page.goto('/');
        at /home/ubuntu/solely-art-platform/e2e-tests/tests/regression/critical-paths.spec.ts:259:18

    attachment #1: screenshot (image/png) ──────────────────────────────────────────────────────────
    test-results/tests-regression-critical--c038a-gation-links-work-correctly-chromium/test-failed-1.png
    ────────────────────────────────────────────────────────────────────────────────────────────────

    attachment #2: video (video/webm) ──────────────────────────────────────────────────────────────
    test-results/tests-regression-critical--c038a-gation-links-work-correctly-chromium/video.webm
    ────────────────────────────────────────────────────────────────────────────────────────────────

    Error Context: test-results/tests-regression-critical--c038a-gation-links-work-correctly-chromium/error-context.md
]]>
</failure>
<system-out>
<![CDATA[
[[ATTACHMENT|../../test-results/tests-regression-critical--c038a-gation-links-work-correctly-chromium/test-failed-1.png]]

[[ATTACHMENT|../../test-results/tests-regression-critical--c038a-gation-links-work-correctly-chromium/video.webm]]

[[ATTACHMENT|../../test-results/tests-regression-critical--c038a-gation-links-work-correctly-chromium/error-context.md]]
]]>
</system-out>
</testcase>
<testcase name="Critical Path Regression Tests › regression: mobile viewport functionality" classname="tests/regression/critical-paths.spec.ts" time="12.203">
<failure message="critical-paths.spec.ts:270:7 regression: mobile viewport functionality" type="FAILURE">
<![CDATA[  [chromium] › tests/regression/critical-paths.spec.ts:270:7 › Critical Path Regression Tests › regression: mobile viewport functionality 

    TimeoutError: page.click: Timeout 10000ms exceeded.
    Call log:
      - waiting for locator('[data-testid="mobile-menu-button"]')


      276 |
      277 |     // Verify mobile menu
    > 278 |     await page.click('[data-testid="mobile-menu-button"]');
          |                ^
      279 |     await expect(page.locator('[data-testid="mobile-menu"]')).toBeVisible();
      280 |
      281 |     // Test mobile navigation
        at /home/ubuntu/solely-art-platform/e2e-tests/tests/regression/critical-paths.spec.ts:278:16

    attachment #1: screenshot (image/png) ──────────────────────────────────────────────────────────
    test-results/tests-regression-critical--b861b-bile-viewport-functionality-chromium/test-failed-1.png
    ────────────────────────────────────────────────────────────────────────────────────────────────

    attachment #2: video (video/webm) ──────────────────────────────────────────────────────────────
    test-results/tests-regression-critical--b861b-bile-viewport-functionality-chromium/video.webm
    ────────────────────────────────────────────────────────────────────────────────────────────────

    Error Context: test-results/tests-regression-critical--b861b-bile-viewport-functionality-chromium/error-context.md
]]>
</failure>
<system-out>
<![CDATA[
[[ATTACHMENT|../../test-results/tests-regression-critical--b861b-bile-viewport-functionality-chromium/test-failed-1.png]]

[[ATTACHMENT|../../test-results/tests-regression-critical--b861b-bile-viewport-functionality-chromium/video.webm]]

[[ATTACHMENT|../../test-results/tests-regression-critical--b861b-bile-viewport-functionality-chromium/error-context.md]]
]]>
</system-out>
</testcase>
<testcase name="Critical Path Regression Tests › regression: form validation works correctly" classname="tests/regression/critical-paths.spec.ts" time="13.118">
<failure message="critical-paths.spec.ts:295:7 regression: form validation works correctly" type="FAILURE">
<![CDATA[  [chromium] › tests/regression/critical-paths.spec.ts:295:7 › Critical Path Regression Tests › regression: form validation works correctly 

    TimeoutError: page.click: Timeout 10000ms exceeded.
    Call log:
      - waiting for locator('[data-testid="submit-signup"]')


      297 |
      298 |     // Try to submit empty form
    > 299 |     await page.click('[data-testid="submit-signup"]');
          |                ^
      300 |
      301 |     // Verify validation errors
      302 |     await expect(page.locator('[data-testid="email-error"]')).toBeVisible();
        at /home/ubuntu/solely-art-platform/e2e-tests/tests/regression/critical-paths.spec.ts:299:16

    attachment #1: screenshot (image/png) ──────────────────────────────────────────────────────────
    test-results/tests-regression-critical--1f577--validation-works-correctly-chromium/test-failed-1.png
    ────────────────────────────────────────────────────────────────────────────────────────────────

    attachment #2: video (video/webm) ──────────────────────────────────────────────────────────────
    test-results/tests-regression-critical--1f577--validation-works-correctly-chromium/video.webm
    ────────────────────────────────────────────────────────────────────────────────────────────────

    Error Context: test-results/tests-regression-critical--1f577--validation-works-correctly-chromium/error-context.md
]]>
</failure>
<system-out>
<![CDATA[
[[ATTACHMENT|../../test-results/tests-regression-critical--1f577--validation-works-correctly-chromium/test-failed-1.png]]

[[ATTACHMENT|../../test-results/tests-regression-critical--1f577--validation-works-correctly-chromium/video.webm]]

[[ATTACHMENT|../../test-results/tests-regression-critical--1f577--validation-works-correctly-chromium/error-context.md]]
]]>
</system-out>
</testcase>
<testcase name="Critical Path Regression Tests › regression: 404 page displays correctly" classname="tests/regression/critical-paths.spec.ts" time="12.886">
<failure message="critical-paths.spec.ts:323:7 regression: 404 page displays correctly" type="FAILURE">
<![CDATA[  [chromium] › tests/regression/critical-paths.spec.ts:323:7 › Critical Path Regression Tests › regression: 404 page displays correctly 

    TimeoutError: page.click: Timeout 10000ms exceeded.
    Call log:
      - waiting for locator('[data-testid="back-to-home"]')


      329 |
      330 |     // Verify can navigate back
    > 331 |     await page.click('[data-testid="back-to-home"]');
          |                ^
      332 |     await page.waitForURL('**/');
      333 |   });
      334 | });
        at /home/ubuntu/solely-art-platform/e2e-tests/tests/regression/critical-paths.spec.ts:331:16

    attachment #1: screenshot (image/png) ──────────────────────────────────────────────────────────
    test-results/tests-regression-critical--e42dd-404-page-displays-correctly-chromium/test-failed-1.png
    ────────────────────────────────────────────────────────────────────────────────────────────────

    attachment #2: video (video/webm) ──────────────────────────────────────────────────────────────
    test-results/tests-regression-critical--e42dd-404-page-displays-correctly-chromium/video.webm
    ────────────────────────────────────────────────────────────────────────────────────────────────

    Error Context: test-results/tests-regression-critical--e42dd-404-page-displays-correctly-chromium/error-context.md
]]>
</failure>
<system-out>
<![CDATA[
[[ATTACHMENT|../../test-results/tests-regression-critical--e42dd-404-page-displays-correctly-chromium/test-failed-1.png]]

[[ATTACHMENT|../../test-results/tests-regression-critical--e42dd-404-page-displays-correctly-chromium/video.webm]]

[[ATTACHMENT|../../test-results/tests-regression-critical--e42dd-404-page-displays-correctly-chromium/error-context.md]]
]]>
</system-out>
</testcase>
</testsuite>
<testsuite name="tests/unit/availability-calculator.spec.ts" timestamp="2026-01-02T12:43:14.801Z" hostname="chromium" tests="4" failures="0" skipped="0" time="13.473" errors="0">
<testcase name="Availability Calculator - Unit Tests › should calculate available time slots correctly" classname="tests/unit/availability-calculator.spec.ts" time="4.457">
</testcase>
<testcase name="Availability Calculator - Unit Tests › should handle edge cases in availability calculation" classname="tests/unit/availability-calculator.spec.ts" time="3.11">
</testcase>
<testcase name="Availability Calculator - Unit Tests › should validate booking policy rules" classname="tests/unit/availability-calculator.spec.ts" time="3.141">
</testcase>
<testcase name="Availability Calculator - Unit Tests › should calculate booking price correctly" classname="tests/unit/availability-calculator.spec.ts" time="2.765">
</testcase>
</testsuite>
</testsuites>